[I 2024-01-08 22:48:26,349] A new study created in memory with name: no-name-a3283ee0-1cd1-4b41-8b68-2ae4504fe074
[I 2024-01-09 00:25:09,858] Trial 0 finished with value: -0.013072 and parameters: {'learning_rate': 0.0020716401859122327, 'max_depth': 3, 'min_child_weight': 6, 'gamma': 9.2515450919924e-06, 'lambda': 0.0001070851416557676, 'alpha': 0.13330851757435738}. Best is trial 0 with value: -0.013072.
[I 2024-01-09 01:41:19,106] Trial 1 finished with value: -0.013878 and parameters: {'learning_rate': 3.178185222032134e-08, 'max_depth': 5, 'min_child_weight': 2, 'gamma': 1.1224518635227758e-07, 'lambda': 0.009568185859128518, 'alpha': 2.97778720252545e-07}. Best is trial 1 with value: -0.013878.
[I 2024-01-09 02:40:14,964] Trial 2 finished with value: -0.01201 and parameters: {'learning_rate': 7.708718951395303e-08, 'max_depth': 4, 'min_child_weight': 9, 'gamma': 3.425138023186378e-05, 'lambda': 0.00010077409140845242, 'alpha': 4.419496240632461e-07}. Best is trial 1 with value: -0.013878.
[I 2024-01-09 04:10:18,540] Trial 3 finished with value: -0.027793 and parameters: {'learning_rate': 2.8212460396804805e-06, 'max_depth': 8, 'min_child_weight': 7, 'gamma': 0.06708714528882587, 'lambda': 1.8740187027441946e-07, 'alpha': 0.10544686536854649}. Best is trial 3 with value: -0.027793.
[I 2024-01-09 05:09:22,009] Trial 4 finished with value: -0.01201 and parameters: {'learning_rate': 9.495277406436777e-07, 'max_depth': 7, 'min_child_weight': 5, 'gamma': 0.003267760202298005, 'lambda': 0.0012665914559673319, 'alpha': 3.9615178945944813e-07}. Best is trial 3 with value: -0.027793.
[I 2024-01-09 06:08:14,231] Trial 5 finished with value: -0.01201 and parameters: {'learning_rate': 0.0008202897316423926, 'max_depth': 8, 'min_child_weight': 7, 'gamma': 1.8554078131355957e-05, 'lambda': 8.696482338369648e-06, 'alpha': 4.093945153697002e-06}. Best is trial 3 with value: -0.027793.
[I 2024-01-09 07:07:25,799] Trial 6 finished with value: -0.01201 and parameters: {'learning_rate': 1.0832404696634854e-05, 'max_depth': 6, 'min_child_weight': 6, 'gamma': 1.1342332784854882e-07, 'lambda': 1.3889136352939419e-08, 'alpha': 4.7161052640666753e-07}. Best is trial 3 with value: -0.027793.
[I 2024-01-09 08:17:45,379] Trial 7 finished with value: -0.012367 and parameters: {'learning_rate': 0.00380456791985679, 'max_depth': 2, 'min_child_weight': 9, 'gamma': 0.00027728157280247943, 'lambda': 2.3361176427336155e-08, 'alpha': 0.0011227653774924364}. Best is trial 3 with value: -0.027793.
[I 2024-01-09 09:47:42,486] Trial 8 finished with value: -0.012208 and parameters: {'learning_rate': 1.325823201534385e-08, 'max_depth': 8, 'min_child_weight': 6, 'gamma': 0.46608294877663564, 'lambda': 4.996246141243499e-07, 'alpha': 0.00015148463021963276}. Best is trial 3 with value: -0.027793.
[I 2024-01-09 10:46:35,601] Trial 9 finished with value: -0.01201 and parameters: {'learning_rate': 1.7961521937975915e-08, 'max_depth': 6, 'min_child_weight': 10, 'gamma': 0.0010314436601184718, 'lambda': 0.0010942210644248388, 'alpha': 2.2473513656078832e-08}. Best is trial 3 with value: -0.027793.
[I 2024-01-09 14:55:14,695] Trial 10 finished with value: -0.033003 and parameters: {'learning_rate': 1.2223220383028153e-05, 'max_depth': 1, 'min_child_weight': 3, 'gamma': 0.6201341649915951, 'lambda': 8.043574395972571e-07, 'alpha': 0.7145201515935835}. Best is trial 10 with value: -0.033003.
Number of finished trials:  11
Best trial:
  NDCG@5: 0.033003
  Params: 
    learning_rate: 1.2223220383028153e-05
    max_depth: 1
    min_child_weight: 3
    gamma: 0.6201341649915951
    lambda: 8.043574395972571e-07
    alpha: 0.7145201515935835
