[I 2024-01-10 22:26:05,477] A new study created in memory with name: no-name-5526a315-865a-490d-9664-195dcd459e43
[I 2024-01-10 22:54:40,708] Trial 0 finished with value: -0.133471 and parameters: {'learning_rate': 2.2811174277127023e-08, 'max_depth': 4, 'min_child_weight': 3, 'gamma': 0.2097926117370111, 'lambda': 0.07914227425914579, 'alpha': 4.094246624080639e-08}. Best is trial 0 with value: -0.133471.
[I 2024-01-10 23:39:09,158] Trial 1 finished with value: -0.307346 and parameters: {'learning_rate': 0.0038060270969098864, 'max_depth': 2, 'min_child_weight': 6, 'gamma': 7.505018665186085e-05, 'lambda': 6.4963742699667635e-06, 'alpha': 0.5541698187527621}. Best is trial 1 with value: -0.307346.
[I 2024-01-11 01:08:11,784] Trial 2 finished with value: -0.348395 and parameters: {'learning_rate': 0.0075296967954470995, 'max_depth': 3, 'min_child_weight': 4, 'gamma': 5.383827565963767e-06, 'lambda': 2.6313454255405902e-08, 'alpha': 0.04846876049238356}. Best is trial 2 with value: -0.348395.
[I 2024-01-11 02:43:03,637] Trial 3 finished with value: -0.389114 and parameters: {'learning_rate': 0.0006529984871732483, 'max_depth': 5, 'min_child_weight': 4, 'gamma': 0.010326538746562433, 'lambda': 6.051126606281192e-08, 'alpha': 1.3456221749000804e-05}. Best is trial 3 with value: -0.389114.
[I 2024-01-11 03:11:08,885] Trial 4 finished with value: -0.133471 and parameters: {'learning_rate': 1.4724254257955417e-08, 'max_depth': 1, 'min_child_weight': 2, 'gamma': 3.629183928650959e-08, 'lambda': 2.9186779494587086e-06, 'alpha': 0.00028939357203182115}. Best is trial 3 with value: -0.389114.
[I 2024-01-11 04:15:57,925] Trial 5 finished with value: -0.347624 and parameters: {'learning_rate': 0.0008102633831028231, 'max_depth': 3, 'min_child_weight': 7, 'gamma': 0.07676748152444174, 'lambda': 4.995557964939246e-08, 'alpha': 0.18667477878189526}. Best is trial 3 with value: -0.389114.
[I 2024-01-11 06:51:21,051] Trial 6 finished with value: -0.39578 and parameters: {'learning_rate': 1.2987552793410458e-06, 'max_depth': 7, 'min_child_weight': 4, 'gamma': 3.7849444542783415e-06, 'lambda': 3.8520584516201293e-05, 'alpha': 1.920653960907267e-05}. Best is trial 6 with value: -0.39578.
[I 2024-01-11 11:17:57,487] Trial 7 finished with value: -0.319245 and parameters: {'learning_rate': 7.605332814995531e-07, 'max_depth': 6, 'min_child_weight': 5, 'gamma': 9.131946534643499e-07, 'lambda': 5.388595928752221e-05, 'alpha': 9.554342340904119e-05}. Best is trial 6 with value: -0.39578.
Number of finished trials:  8
Best trial:
  NDCG@5: 0.39578
  Params: 
    learning_rate: 1.2987552793410458e-06
    max_depth: 7
    min_child_weight: 4
    gamma: 3.7849444542783415e-06
    lambda: 3.8520584516201293e-05
    alpha: 1.920653960907267e-05
