[I 2024-01-10 22:26:33,347] A new study created in memory with name: no-name-c804e408-30c3-4d8c-99ec-6163db9cd312
[I 2024-01-10 23:50:10,477] Trial 0 finished with value: -0.433521 and parameters: {'learning_rate': 6.303007372790263e-05, 'max_depth': 8, 'min_child_weight': 5, 'gamma': 1.1952810027718153e-07, 'lambda': 0.07775014922623444, 'alpha': 0.0010372078005202459}. Best is trial 0 with value: -0.433521.
[I 2024-01-11 02:17:45,700] Trial 1 finished with value: -0.135765 and parameters: {'learning_rate': 5.159703319102776e-08, 'max_depth': 7, 'min_child_weight': 5, 'gamma': 0.00038408860820599803, 'lambda': 5.8754163639476454e-05, 'alpha': 0.003167500638586722}. Best is trial 0 with value: -0.433521.
[I 2024-01-11 03:16:59,534] Trial 2 finished with value: -0.327544 and parameters: {'learning_rate': 1.2673272114769156e-06, 'max_depth': 4, 'min_child_weight': 6, 'gamma': 2.660626779410032e-07, 'lambda': 0.00440369690311671, 'alpha': 0.04276973191587107}. Best is trial 0 with value: -0.433521.
[I 2024-01-11 03:53:18,639] Trial 3 finished with value: -0.430602 and parameters: {'learning_rate': 5.951858001374427e-06, 'max_depth': 8, 'min_child_weight': 7, 'gamma': 0.0029209250669430657, 'lambda': 1.5051823456970743e-07, 'alpha': 2.0053745216375302e-05}. Best is trial 0 with value: -0.433521.
[I 2024-01-11 04:52:41,136] Trial 4 finished with value: -0.381369 and parameters: {'learning_rate': 0.007402534957108301, 'max_depth': 4, 'min_child_weight': 5, 'gamma': 7.084941776052732e-08, 'lambda': 0.0001576469763523779, 'alpha': 1.6983940936762378e-07}. Best is trial 0 with value: -0.433521.
[I 2024-01-11 06:49:09,294] Trial 5 finished with value: -0.139125 and parameters: {'learning_rate': 7.178744098650917e-08, 'max_depth': 7, 'min_child_weight': 9, 'gamma': 0.005372139372199723, 'lambda': 1.1098237961528124e-07, 'alpha': 0.8774521947585384}. Best is trial 0 with value: -0.433521.
[I 2024-01-11 07:44:43,022] Trial 6 finished with value: -0.431979 and parameters: {'learning_rate': 0.00017527958179864306, 'max_depth': 8, 'min_child_weight': 8, 'gamma': 0.0037233615742806696, 'lambda': 2.300706166397062e-07, 'alpha': 0.05461772924760292}. Best is trial 0 with value: -0.433521.
[I 2024-01-11 08:22:55,379] Trial 7 finished with value: -0.401652 and parameters: {'learning_rate': 0.0034720468172533088, 'max_depth': 5, 'min_child_weight': 5, 'gamma': 0.04806327443957092, 'lambda': 8.891307473106578e-05, 'alpha': 2.365136960965057e-08}. Best is trial 0 with value: -0.433521.
[I 2024-01-11 08:45:01,331] Trial 8 finished with value: -0.27874 and parameters: {'learning_rate': 0.0009748683996396943, 'max_depth': 1, 'min_child_weight': 7, 'gamma': 6.282130404153892e-07, 'lambda': 4.719136910399479e-06, 'alpha': 0.007253087285508789}. Best is trial 0 with value: -0.433521.
[I 2024-01-11 09:54:05,833] Trial 9 finished with value: -0.383191 and parameters: {'learning_rate': 0.00020455957061525168, 'max_depth': 4, 'min_child_weight': 4, 'gamma': 9.808423011860467e-06, 'lambda': 0.00014813869121631053, 'alpha': 0.03276394579475293}. Best is trial 0 with value: -0.433521.
[I 2024-01-11 10:16:10,220] Trial 10 finished with value: -0.27874 and parameters: {'learning_rate': 6.013639301142612e-05, 'max_depth': 1, 'min_child_weight': 2, 'gamma': 2.0972911095042884e-08, 'lambda': 0.38757673149747524, 'alpha': 0.00014047422546214258}. Best is trial 0 with value: -0.433521.
[I 2024-01-11 11:11:45,414] Trial 11 finished with value: -0.430993 and parameters: {'learning_rate': 6.199443774574082e-05, 'max_depth': 8, 'min_child_weight': 10, 'gamma': 2.9363569923643066e-05, 'lambda': 0.5840132747503503, 'alpha': 0.0003751468136005936}. Best is trial 0 with value: -0.433521.
Number of finished trials:  12
Best trial:
  NDCG@5: 0.433521
  Params: 
    learning_rate: 6.303007372790263e-05
    max_depth: 8
    min_child_weight: 5
    gamma: 1.1952810027718153e-07
    lambda: 0.07775014922623444
    alpha: 0.0010372078005202459
