[I 2024-01-08 01:00:09,504] A new study created in memory with name: no-name-12e66072-8bfd-414e-8820-ebb105793be3
[I 2024-01-08 01:39:03,353] Trial 0 finished with value: -0.154011 and parameters: {'learning_rate': 2.8319390287914245e-05, 'max_depth': 6, 'min_child_weight': 7, 'gamma': 0.898425233335487, 'lambda': 5.222860953744611e-07, 'alpha': 7.594185466512769e-06}. Best is trial 0 with value: -0.154011.
[I 2024-01-08 03:17:24,275] Trial 1 finished with value: -0.151271 and parameters: {'learning_rate': 8.435741351476379e-06, 'max_depth': 6, 'min_child_weight': 4, 'gamma': 2.0776142338503852e-07, 'lambda': 0.004690972796417976, 'alpha': 1.9853173784060532e-08}. Best is trial 0 with value: -0.154011.
[I 2024-01-08 04:04:08,441] Trial 2 finished with value: -0.139508 and parameters: {'learning_rate': 6.07468124078158e-07, 'max_depth': 2, 'min_child_weight': 3, 'gamma': 7.339750453698638e-07, 'lambda': 0.011679498467636445, 'alpha': 0.10655912670061661}. Best is trial 0 with value: -0.154011.
[I 2024-01-08 05:01:51,760] Trial 3 finished with value: -0.133319 and parameters: {'learning_rate': 0.00774770036296747, 'max_depth': 6, 'min_child_weight': 8, 'gamma': 0.0017713619848620061, 'lambda': 0.0006887592406493649, 'alpha': 2.0239765783399185e-07}. Best is trial 0 with value: -0.154011.
[I 2024-01-08 06:04:22,649] Trial 4 finished with value: -0.135958 and parameters: {'learning_rate': 1.1403487074176459e-05, 'max_depth': 7, 'min_child_weight': 6, 'gamma': 0.00017937526829765952, 'lambda': 5.120510985502484e-07, 'alpha': 1.1097254148855756e-05}. Best is trial 0 with value: -0.154011.
[I 2024-01-08 06:39:40,870] Trial 5 finished with value: -0.134582 and parameters: {'learning_rate': 1.9749879768335463e-08, 'max_depth': 1, 'min_child_weight': 4, 'gamma': 0.001108249777608447, 'lambda': 0.08365585960932709, 'alpha': 0.5007268461708225}. Best is trial 0 with value: -0.154011.
[I 2024-01-08 07:16:35,407] Trial 6 finished with value: -0.133508 and parameters: {'learning_rate': 7.502027048550935e-05, 'max_depth': 6, 'min_child_weight': 3, 'gamma': 1.0864988535128817e-06, 'lambda': 1.2116001972197906e-06, 'alpha': 8.857549002896522e-07}. Best is trial 0 with value: -0.154011.
[I 2024-01-08 07:50:16,443] Trial 7 finished with value: -0.13303 and parameters: {'learning_rate': 1.7686338538064785e-08, 'max_depth': 6, 'min_child_weight': 5, 'gamma': 1.831002431307416e-08, 'lambda': 0.00021639981723135557, 'alpha': 0.7356641334469548}. Best is trial 0 with value: -0.154011.
[I 2024-01-08 08:49:33,595] Trial 8 finished with value: -0.133702 and parameters: {'learning_rate': 1.9812760799483196e-06, 'max_depth': 6, 'min_child_weight': 8, 'gamma': 0.12140662635321361, 'lambda': 0.0012099408821650084, 'alpha': 0.14685459952425284}. Best is trial 0 with value: -0.154011.
[I 2024-01-08 09:48:58,901] Trial 9 finished with value: -0.135391 and parameters: {'learning_rate': 1.3292022184777655e-08, 'max_depth': 1, 'min_child_weight': 8, 'gamma': 0.018648599891134807, 'lambda': 0.0007331790856788869, 'alpha': 4.334758490800043e-07}. Best is trial 0 with value: -0.154011.
[I 2024-01-08 11:10:47,015] Trial 10 finished with value: -0.146831 and parameters: {'learning_rate': 0.0003700457904240923, 'max_depth': 4, 'min_child_weight': 10, 'gamma': 0.8154819652634495, 'lambda': 1.4420639712957442e-08, 'alpha': 0.00032390978658408144}. Best is trial 0 with value: -0.154011.
[I 2024-01-08 12:19:48,285] Trial 11 finished with value: -0.163684 and parameters: {'learning_rate': 3.0337070149675464e-05, 'max_depth': 8, 'min_child_weight': 6, 'gamma': 3.158977746292486e-05, 'lambda': 1.6677891331776267e-05, 'alpha': 2.456650683210109e-08}. Best is trial 11 with value: -0.163684.
[I 2024-01-08 13:26:34,079] Trial 12 finished with value: -0.139211 and parameters: {'learning_rate': 0.00015341028592780865, 'max_depth': 8, 'min_child_weight': 7, 'gamma': 2.0890163796903692e-05, 'lambda': 9.513012509996631e-06, 'alpha': 1.200182123841917e-08}. Best is trial 11 with value: -0.163684.
Number of finished trials:  13
Best trial:
  NDCG@5: 0.163684
  Params: 
    learning_rate: 3.0337070149675464e-05
    max_depth: 8
    min_child_weight: 6
    gamma: 3.158977746292486e-05
    lambda: 1.6677891331776267e-05
    alpha: 2.456650683210109e-08
