[I 2024-01-08 01:00:09,345] A new study created in memory with name: no-name-6b3350d1-36be-4fce-9618-fa23fba2be1d
[I 2024-01-08 01:34:07,300] Trial 0 finished with value: -0.130859 and parameters: {'learning_rate': 5.403795204075074e-05, 'max_depth': 8, 'min_child_weight': 9, 'gamma': 1.4577230364874289e-06, 'lambda': 0.595420428539791, 'alpha': 3.0207448821977554e-07}. Best is trial 0 with value: -0.130859.
[I 2024-01-08 02:39:49,178] Trial 1 finished with value: -0.133909 and parameters: {'learning_rate': 1.0512887871615048e-05, 'max_depth': 5, 'min_child_weight': 9, 'gamma': 8.711628501367312e-08, 'lambda': 1.457595408606097e-07, 'alpha': 0.25233241663279793}. Best is trial 1 with value: -0.133909.
[I 2024-01-08 03:42:34,411] Trial 2 finished with value: -0.141641 and parameters: {'learning_rate': 2.115898231311369e-06, 'max_depth': 8, 'min_child_weight': 5, 'gamma': 3.674972599682774e-08, 'lambda': 9.937527724156047e-07, 'alpha': 2.2103741027026026e-07}. Best is trial 2 with value: -0.141641.
[I 2024-01-08 04:45:08,077] Trial 3 finished with value: -0.132106 and parameters: {'learning_rate': 1.9087350719067898e-08, 'max_depth': 6, 'min_child_weight': 7, 'gamma': 2.675859600785847e-06, 'lambda': 6.328259836962561e-07, 'alpha': 3.8477547638258065e-06}. Best is trial 2 with value: -0.141641.
[I 2024-01-08 06:22:52,927] Trial 4 finished with value: -0.138335 and parameters: {'learning_rate': 1.0400393662766364e-06, 'max_depth': 3, 'min_child_weight': 8, 'gamma': 2.075654533450364e-05, 'lambda': 0.5600759395652997, 'alpha': 0.0002740128462579745}. Best is trial 2 with value: -0.141641.
[I 2024-01-08 07:22:07,050] Trial 5 finished with value: -0.136254 and parameters: {'learning_rate': 1.834362552383354e-07, 'max_depth': 3, 'min_child_weight': 10, 'gamma': 6.023098349689459e-07, 'lambda': 5.737657164128196e-06, 'alpha': 1.3442213266385885e-08}. Best is trial 2 with value: -0.141641.
[I 2024-01-08 08:03:43,709] Trial 6 finished with value: -0.133067 and parameters: {'learning_rate': 0.00010849119967383782, 'max_depth': 4, 'min_child_weight': 6, 'gamma': 1.0524359695305078e-06, 'lambda': 3.842430974625852e-07, 'alpha': 0.00016630295647999694}. Best is trial 2 with value: -0.141641.
[I 2024-01-08 08:46:58,244] Trial 7 finished with value: -0.133452 and parameters: {'learning_rate': 0.0006865983240689902, 'max_depth': 8, 'min_child_weight': 10, 'gamma': 1.4103222128715035e-06, 'lambda': 2.99574886971669e-08, 'alpha': 0.008205341652360048}. Best is trial 2 with value: -0.141641.
[I 2024-01-08 09:20:27,996] Trial 8 finished with value: -0.130859 and parameters: {'learning_rate': 4.370907512100373e-08, 'max_depth': 3, 'min_child_weight': 8, 'gamma': 0.0030287416826356695, 'lambda': 8.091347022208218e-05, 'alpha': 0.3755993348895421}. Best is trial 2 with value: -0.141641.
[I 2024-01-08 09:57:21,762] Trial 9 finished with value: -0.133758 and parameters: {'learning_rate': 0.00013331605503269804, 'max_depth': 3, 'min_child_weight': 8, 'gamma': 1.3526482756567824e-06, 'lambda': 0.04045712137878029, 'alpha': 3.621017074842162e-08}. Best is trial 2 with value: -0.141641.
[I 2024-01-08 11:14:12,875] Trial 10 finished with value: -0.147312 and parameters: {'learning_rate': 0.005862486764798243, 'max_depth': 1, 'min_child_weight': 3, 'gamma': 0.7572778853396039, 'lambda': 1.6694860164419604e-08, 'alpha': 3.099898351964346e-06}. Best is trial 10 with value: -0.147312.
[I 2024-01-08 12:24:42,708] Trial 11 finished with value: -0.154311 and parameters: {'learning_rate': 0.007468588502057236, 'max_depth': 1, 'min_child_weight': 3, 'gamma': 0.3407355148396979, 'lambda': 2.2597425645936268e-08, 'alpha': 2.5085164599752647e-06}. Best is trial 11 with value: -0.154311.
[I 2024-01-08 13:03:08,864] Trial 12 finished with value: -0.134269 and parameters: {'learning_rate': 0.007023838824782663, 'max_depth': 1, 'min_child_weight': 2, 'gamma': 0.9443566487440629, 'lambda': 1.0208170801651022e-08, 'alpha': 5.450160012653946e-06}. Best is trial 11 with value: -0.154311.
Number of finished trials:  13
Best trial:
  NDCG@5: 0.154311
  Params: 
    learning_rate: 0.007468588502057236
    max_depth: 1
    min_child_weight: 3
    gamma: 0.3407355148396979
    lambda: 2.2597425645936268e-08
    alpha: 2.5085164599752647e-06
