[I 2024-01-11 14:06:42,809] A new study created in memory with name: no-name-f0d2e100-09cf-4654-8417-d79b63625e89
[I 2024-01-11 18:54:57,362] Trial 0 finished with value: -0.388441 and parameters: {'learning_rate': 0.002835266219453282, 'max_depth': 2, 'min_child_weight': 3, 'gamma': 6.193032082474771e-05, 'lambda': 5.16056269245507e-06, 'alpha': 0.34232075323664446}. Best is trial 0 with value: -0.388441.
[I 2024-01-11 19:32:01,594] Trial 1 finished with value: -0.150298 and parameters: {'learning_rate': 0.0010095104174176043, 'max_depth': 3, 'min_child_weight': 6, 'gamma': 0.002856837976374749, 'lambda': 1.9304324184832743e-05, 'alpha': 6.545388035809788e-05}. Best is trial 0 with value: -0.388441.
[I 2024-01-11 20:25:49,006] Trial 2 finished with value: -0.148912 and parameters: {'learning_rate': 0.0019564964261617438, 'max_depth': 5, 'min_child_weight': 3, 'gamma': 0.004859478569769868, 'lambda': 9.739950885519138e-06, 'alpha': 1.7093182172130073e-05}. Best is trial 0 with value: -0.388441.
[I 2024-01-11 21:14:44,602] Trial 3 finished with value: -0.147468 and parameters: {'learning_rate': 0.0021927374277858416, 'max_depth': 2, 'min_child_weight': 4, 'gamma': 2.3125263228347356e-05, 'lambda': 0.003346472802217766, 'alpha': 3.096059902883122e-06}. Best is trial 0 with value: -0.388441.
[I 2024-01-11 21:42:15,220] Trial 4 finished with value: -0.142467 and parameters: {'learning_rate': 0.002796449590840267, 'max_depth': 3, 'min_child_weight': 4, 'gamma': 0.0003093381152131489, 'lambda': 0.22297898509331482, 'alpha': 8.198641621053575e-06}. Best is trial 0 with value: -0.388441.
[I 2024-01-11 22:55:01,483] Trial 5 finished with value: -0.159162 and parameters: {'learning_rate': 0.0012790690511564897, 'max_depth': 3, 'min_child_weight': 6, 'gamma': 1.4968736495776367e-06, 'lambda': 0.22298581623246452, 'alpha': 4.913756373537147e-08}. Best is trial 0 with value: -0.388441.
[I 2024-01-12 00:09:49,722] Trial 6 finished with value: -0.164636 and parameters: {'learning_rate': 0.002415784805244371, 'max_depth': 1, 'min_child_weight': 6, 'gamma': 0.0707785025590923, 'lambda': 0.0012344514438380088, 'alpha': 6.943599324910692e-06}. Best is trial 0 with value: -0.388441.
[I 2024-01-12 01:07:37,873] Trial 7 finished with value: -0.157532 and parameters: {'learning_rate': 0.0010387549264491878, 'max_depth': 4, 'min_child_weight': 3, 'gamma': 2.8025815197488945e-06, 'lambda': 0.00042203255406799263, 'alpha': 4.700673832448474e-06}. Best is trial 0 with value: -0.388441.
[I 2024-01-12 05:47:37,746] Trial 8 finished with value: -0.38316 and parameters: {'learning_rate': 0.0051103194029398545, 'max_depth': 2, 'min_child_weight': 2, 'gamma': 3.0694171743381375e-07, 'lambda': 9.718848434447483e-06, 'alpha': 0.15625559166708455}. Best is trial 0 with value: -0.388441.
Number of finished trials:  9
Best trial:
  NDCG@5: 0.388441
  Params: 
    learning_rate: 0.002835266219453282
    max_depth: 2
    min_child_weight: 3
    gamma: 6.193032082474771e-05
    lambda: 5.16056269245507e-06
    alpha: 0.34232075323664446
