[I 2024-01-13 18:37:30,597] A new study created in memory with name: no-name-cd9b321b-62bc-4ffc-a4dc-7963438a8b69
[I 2024-01-13 19:46:07,314] Trial 0 finished with value: -0.19866 and parameters: {'learning_rate': 0.008041602466848338, 'max_depth': 5, 'min_child_weight': 7, 'gamma': 0.005203133955271716, 'lambda': 1.9099326145168943e-08, 'alpha': 1.2217900136816618e-07}. Best is trial 0 with value: -0.19866.
[I 2024-01-13 20:43:36,338] Trial 1 finished with value: -0.182944 and parameters: {'learning_rate': 0.0011728408141809402, 'max_depth': 6, 'min_child_weight': 4, 'gamma': 0.24362303486929127, 'lambda': 0.019076410862574125, 'alpha': 0.00013730216736318414}. Best is trial 0 with value: -0.19866.
[I 2024-01-13 21:41:02,988] Trial 2 finished with value: -0.176888 and parameters: {'learning_rate': 0.00434098383748013, 'max_depth': 1, 'min_child_weight': 7, 'gamma': 7.93079393406641e-06, 'lambda': 0.0027710819996426043, 'alpha': 1.2287579555435149e-08}. Best is trial 0 with value: -0.19866.
[I 2024-01-14 02:42:36,080] Trial 3 finished with value: -0.45506 and parameters: {'learning_rate': 0.005462736486169231, 'max_depth': 4, 'min_child_weight': 2, 'gamma': 0.0005320010616818439, 'lambda': 8.090027847048138e-07, 'alpha': 1.671246088970137e-07}. Best is trial 3 with value: -0.45506.
[I 2024-01-14 04:01:27,983] Trial 4 finished with value: -0.178321 and parameters: {'learning_rate': 0.008944096642769347, 'max_depth': 1, 'min_child_weight': 4, 'gamma': 0.06496584676833544, 'lambda': 2.1836438316456046e-05, 'alpha': 4.274995045774699e-05}. Best is trial 3 with value: -0.45506.
[I 2024-01-14 09:04:59,917] Trial 5 finished with value: -0.250222 and parameters: {'learning_rate': 0.0010045614973983499, 'max_depth': 3, 'min_child_weight': 5, 'gamma': 0.003588322819256276, 'lambda': 0.027528118362809294, 'alpha': 3.922819137051459e-06}. Best is trial 3 with value: -0.45506.
[I 2024-01-14 14:08:22,238] Trial 6 finished with value: -0.393641 and parameters: {'learning_rate': 0.002181898188527937, 'max_depth': 2, 'min_child_weight': 3, 'gamma': 2.859818779336114e-06, 'lambda': 3.1296448046573725e-06, 'alpha': 0.04405881195805868}. Best is trial 3 with value: -0.45506.
[I 2024-01-14 19:10:30,351] Trial 7 finished with value: -0.440271 and parameters: {'learning_rate': 0.005336323798535827, 'max_depth': 3, 'min_child_weight': 2, 'gamma': 2.055681654215493e-05, 'lambda': 2.7529287585636555e-08, 'alpha': 0.0003937813398259368}. Best is trial 3 with value: -0.45506.
[I 2024-01-14 20:34:03,410] Trial 8 finished with value: -0.186476 and parameters: {'learning_rate': 0.001032038055821854, 'max_depth': 4, 'min_child_weight': 6, 'gamma': 5.797234898203377e-06, 'lambda': 8.718632184843673e-08, 'alpha': 0.0021775288548465314}. Best is trial 3 with value: -0.45506.
[I 2024-01-15 01:37:07,211] Trial 9 finished with value: -0.451054 and parameters: {'learning_rate': 0.004062932384890567, 'max_depth': 6, 'min_child_weight': 2, 'gamma': 0.0050920095037598695, 'lambda': 1.1062256212274846e-08, 'alpha': 0.02228293719984913}. Best is trial 3 with value: -0.45506.
[I 2024-01-15 06:40:15,184] Trial 10 finished with value: -0.434271 and parameters: {'learning_rate': 0.003011074454614018, 'max_depth': 4, 'min_child_weight': 3, 'gamma': 1.4046075020222997e-08, 'lambda': 0.00036211038739894903, 'alpha': 1.1242790107427855e-06}. Best is trial 3 with value: -0.45506.
[I 2024-01-15 11:41:46,677] Trial 11 finished with value: -0.464851 and parameters: {'learning_rate': 0.005687466410650217, 'max_depth': 6, 'min_child_weight': 2, 'gamma': 0.0006359394097659384, 'lambda': 1.2986709832285486e-06, 'alpha': 0.47068474634096197}. Best is trial 11 with value: -0.464851.
Number of finished trials:  12
Best trial:
  NDCG@10: 0.464851
  Params: 
    learning_rate: 0.005687466410650217
    max_depth: 6
    min_child_weight: 2
    gamma: 0.0006359394097659384
    lambda: 1.2986709832285486e-06
    alpha: 0.47068474634096197
