[I 2024-01-13 18:44:13,775] A new study created in memory with name: no-name-490c59f9-3a55-4cb7-91d8-615bc6f914d5
[I 2024-01-13 19:15:22,778] Trial 0 finished with value: -0.236497 and parameters: {'learning_rate': 1.5316171971942323e-08, 'max_depth': 6, 'min_child_weight': 2, 'gamma': 3.123939562522926e-08, 'lambda': 9.298522773122661e-06, 'alpha': 0.00016358482962565654}. Best is trial 0 with value: -0.236497.
[I 2024-01-13 21:36:31,631] Trial 1 finished with value: -0.48793 and parameters: {'learning_rate': 6.655706011154185e-06, 'max_depth': 8, 'min_child_weight': 4, 'gamma': 3.6344542050500794e-06, 'lambda': 0.0464614916833584, 'alpha': 0.0035623769283361236}. Best is trial 1 with value: -0.48793.
[I 2024-01-13 22:12:04,581] Trial 2 finished with value: -0.465661 and parameters: {'learning_rate': 0.004010963145735923, 'max_depth': 6, 'min_child_weight': 9, 'gamma': 8.392301320952339e-07, 'lambda': 0.00451957834646323, 'alpha': 2.90322071203631e-06}. Best is trial 1 with value: -0.48793.
[I 2024-01-14 00:18:08,281] Trial 3 finished with value: -0.478409 and parameters: {'learning_rate': 8.381605272390622e-06, 'max_depth': 7, 'min_child_weight': 9, 'gamma': 0.01639033357705681, 'lambda': 1.8782070288882925e-06, 'alpha': 1.0656907260162345e-05}. Best is trial 1 with value: -0.48793.
[I 2024-01-14 00:48:53,979] Trial 4 finished with value: -0.236497 and parameters: {'learning_rate': 1.3675258221571151e-08, 'max_depth': 1, 'min_child_weight': 7, 'gamma': 3.737696356757382e-08, 'lambda': 0.00013883178383593316, 'alpha': 1.932767584289224e-06}. Best is trial 1 with value: -0.48793.
[I 2024-01-14 01:22:34,711] Trial 5 finished with value: -0.321935 and parameters: {'learning_rate': 0.00011647609900746955, 'max_depth': 1, 'min_child_weight': 6, 'gamma': 0.0029046124936492187, 'lambda': 5.2061968529846706e-08, 'alpha': 3.865578382174026e-07}. Best is trial 1 with value: -0.48793.
[I 2024-01-14 02:44:09,176] Trial 6 finished with value: -0.477382 and parameters: {'learning_rate': 0.009514088205553606, 'max_depth': 7, 'min_child_weight': 6, 'gamma': 2.324791030637235e-08, 'lambda': 4.736768884036374e-06, 'alpha': 1.6166377181867307e-06}. Best is trial 1 with value: -0.48793.
[I 2024-01-14 04:20:38,326] Trial 7 finished with value: -0.479728 and parameters: {'learning_rate': 0.0004345509260639259, 'max_depth': 7, 'min_child_weight': 6, 'gamma': 9.657097639944923e-05, 'lambda': 1.3001372929745714e-08, 'alpha': 0.00028073640439095303}. Best is trial 1 with value: -0.48793.
[I 2024-01-14 05:06:20,723] Trial 8 finished with value: -0.418182 and parameters: {'learning_rate': 0.009102651124516546, 'max_depth': 3, 'min_child_weight': 8, 'gamma': 6.52423154124881e-06, 'lambda': 1.3038520566407199e-08, 'alpha': 1.794002455286235e-05}. Best is trial 1 with value: -0.48793.
[I 2024-01-14 08:40:20,098] Trial 9 finished with value: -0.486818 and parameters: {'learning_rate': 1.114969272299195e-06, 'max_depth': 8, 'min_child_weight': 8, 'gamma': 0.00044710829950662424, 'lambda': 6.669199499371306e-05, 'alpha': 2.0947380706897554e-05}. Best is trial 1 with value: -0.48793.
[I 2024-01-14 13:07:11,083] Trial 10 finished with value: -0.405401 and parameters: {'learning_rate': 8.55387620614756e-07, 'max_depth': 4, 'min_child_weight': 3, 'gamma': 0.7687872718900174, 'lambda': 0.6307927700967164, 'alpha': 0.03178741987123586}. Best is trial 1 with value: -0.48793.
[I 2024-01-14 16:29:20,497] Trial 11 finished with value: -0.487857 and parameters: {'learning_rate': 1.4078388375919819e-06, 'max_depth': 8, 'min_child_weight': 4, 'gamma': 6.171163338733284e-05, 'lambda': 0.0032530059647302295, 'alpha': 0.005325808308252168}. Best is trial 1 with value: -0.48793.
[I 2024-01-14 17:19:54,265] Trial 12 finished with value: -0.487594 and parameters: {'learning_rate': 4.72736224669554e-06, 'max_depth': 8, 'min_child_weight': 4, 'gamma': 9.002644271423454e-06, 'lambda': 0.023917820995118255, 'alpha': 0.02529283606007794}. Best is trial 1 with value: -0.48793.
[I 2024-01-14 22:14:15,347] Trial 13 finished with value: -0.348855 and parameters: {'learning_rate': 2.345169139239104e-07, 'max_depth': 5, 'min_child_weight': 4, 'gamma': 1.3495577962528052e-06, 'lambda': 0.008442747842170409, 'alpha': 0.0035926428092286195}. Best is trial 1 with value: -0.48793.
[I 2024-01-14 23:19:41,614] Trial 14 finished with value: -0.488202 and parameters: {'learning_rate': 1.9890157691570486e-05, 'max_depth': 8, 'min_child_weight': 4, 'gamma': 4.97694297734057e-05, 'lambda': 0.8652854685631316, 'alpha': 0.2954591548340804}. Best is trial 14 with value: -0.488202.
[I 2024-01-15 01:16:38,893] Trial 15 finished with value: -0.458118 and parameters: {'learning_rate': 4.9146462837852984e-05, 'max_depth': 5, 'min_child_weight': 2, 'gamma': 5.775580935973295e-07, 'lambda': 0.6896425853632869, 'alpha': 0.9158949311424902}. Best is trial 14 with value: -0.488202.
[I 2024-01-15 02:21:36,925] Trial 16 finished with value: -0.415159 and parameters: {'learning_rate': 4.652873207972049e-05, 'max_depth': 3, 'min_child_weight': 5, 'gamma': 1.8853664186920016e-05, 'lambda': 0.10286808165261879, 'alpha': 0.8283666171489256}. Best is trial 14 with value: -0.488202.
[I 2024-01-15 04:23:05,114] Trial 17 finished with value: -0.468616 and parameters: {'learning_rate': 1.4932068304676523e-05, 'max_depth': 6, 'min_child_weight': 3, 'gamma': 0.0006917818082795039, 'lambda': 0.08659164212935827, 'alpha': 1.841751717561334e-08}. Best is trial 14 with value: -0.488202.
[I 2024-01-15 06:16:06,871] Trial 18 finished with value: -0.489473 and parameters: {'learning_rate': 0.0003714678634891061, 'max_depth': 8, 'min_child_weight': 5, 'gamma': 2.1889146995942623e-07, 'lambda': 0.857635589627647, 'alpha': 0.13061295809792367}. Best is trial 18 with value: -0.489473.
[I 2024-01-15 08:11:51,251] Trial 19 finished with value: -0.478214 and parameters: {'learning_rate': 0.0007121527044689966, 'max_depth': 7, 'min_child_weight': 5, 'gamma': 1.9959056473268579e-07, 'lambda': 0.8644268604085319, 'alpha': 0.1644539165571625}. Best is trial 18 with value: -0.489473.
[I 2024-01-15 09:33:08,058] Trial 20 finished with value: -0.43727 and parameters: {'learning_rate': 0.0003583911275853249, 'max_depth': 4, 'min_child_weight': 5, 'gamma': 1.7075690118458233e-07, 'lambda': 0.13523172483156554, 'alpha': 0.13629888945898086}. Best is trial 18 with value: -0.489473.
[I 2024-01-15 12:25:24,776] Trial 21 finished with value: -0.488609 and parameters: {'learning_rate': 2.9544932499250218e-05, 'max_depth': 8, 'min_child_weight': 3, 'gamma': 2.4724736133066276e-06, 'lambda': 0.1274804229158844, 'alpha': 0.0017520723859627272}. Best is trial 18 with value: -0.489473.
Number of finished trials:  22
Best trial:
  NDCG@25: 0.489473
  Params: 
    learning_rate: 0.0003714678634891061
    max_depth: 8
    min_child_weight: 5
    gamma: 2.1889146995942623e-07
    lambda: 0.857635589627647
    alpha: 0.13061295809792367
