[I 2024-01-28 15:22:42,578] A new study created in memory with name: no-name-fb4fa06a-6734-45e5-a444-79552578188a
[I 2024-01-28 15:24:27,414] Trial 0 finished with value: -0.380396 and parameters: {'learning_rate': 0.00041853109136918233, 'max_depth': 4, 'min_child_weight': 3, 'gamma': 0.009849143300192108, 'lambda': 0.00019271078910343092, 'alpha': 0.0036447203567281}. Best is trial 0 with value: -0.380396.
[I 2024-01-28 15:38:33,851] Trial 1 finished with value: -0.408123 and parameters: {'learning_rate': 0.0013407423611990128, 'max_depth': 5, 'min_child_weight': 2, 'gamma': 2.799835491978447e-05, 'lambda': 0.8100382421828692, 'alpha': 0.010805839094004448}. Best is trial 1 with value: -0.408123.
[I 2024-01-28 15:41:41,055] Trial 2 finished with value: -0.430041 and parameters: {'learning_rate': 5.513056323086041e-08, 'max_depth': 8, 'min_child_weight': 4, 'gamma': 0.12607368337767821, 'lambda': 8.380299774403318e-07, 'alpha': 3.9765185730418177e-05}. Best is trial 2 with value: -0.430041.
[I 2024-01-28 15:43:33,151] Trial 3 finished with value: -0.394173 and parameters: {'learning_rate': 0.0001038373866382, 'max_depth': 5, 'min_child_weight': 4, 'gamma': 4.82248487868916e-06, 'lambda': 0.002636774542177581, 'alpha': 1.5982299226370176e-06}. Best is trial 2 with value: -0.430041.
[I 2024-01-28 15:58:30,308] Trial 4 finished with value: -0.440004 and parameters: {'learning_rate': 0.007312636559795545, 'max_depth': 6, 'min_child_weight': 6, 'gamma': 7.126515795543655e-07, 'lambda': 0.00013760844898348887, 'alpha': 0.00011879150045461457}. Best is trial 4 with value: -0.440004.
[I 2024-01-28 16:00:40,676] Trial 5 finished with value: -0.430008 and parameters: {'learning_rate': 0.0006070433441440362, 'max_depth': 8, 'min_child_weight': 5, 'gamma': 2.1421202569499289e-07, 'lambda': 6.899003242150509e-07, 'alpha': 4.476785384781284e-08}. Best is trial 4 with value: -0.440004.
[I 2024-01-28 16:02:41,481] Trial 6 finished with value: -0.421073 and parameters: {'learning_rate': 0.00023138146239295803, 'max_depth': 7, 'min_child_weight': 7, 'gamma': 0.7812455337999885, 'lambda': 0.002052681738328492, 'alpha': 0.00021816029015497664}. Best is trial 4 with value: -0.440004.
[I 2024-01-28 16:04:32,773] Trial 7 finished with value: -0.39416 and parameters: {'learning_rate': 6.889584538353486e-06, 'max_depth': 5, 'min_child_weight': 6, 'gamma': 0.0011009139642214848, 'lambda': 9.7025925274755e-07, 'alpha': 0.10018401379268632}. Best is trial 4 with value: -0.440004.
[I 2024-01-28 16:06:29,053] Trial 8 finished with value: -0.420668 and parameters: {'learning_rate': 1.9502329267143505e-06, 'max_depth': 7, 'min_child_weight': 3, 'gamma': 1.583177555748865e-08, 'lambda': 1.0082814001019973e-05, 'alpha': 0.2270189471295979}. Best is trial 4 with value: -0.440004.
[I 2024-01-28 16:08:29,997] Trial 9 finished with value: -0.420551 and parameters: {'learning_rate': 6.148620906979461e-05, 'max_depth': 7, 'min_child_weight': 6, 'gamma': 3.971873683251048e-06, 'lambda': 0.0022106991519359673, 'alpha': 3.054659429997342e-05}. Best is trial 4 with value: -0.440004.
[I 2024-01-28 16:23:13,024] Trial 10 finished with value: -0.402074 and parameters: {'learning_rate': 0.009744845425803105, 'max_depth': 3, 'min_child_weight': 8, 'gamma': 0.0001815322395359202, 'lambda': 2.6056687657826025e-08, 'alpha': 2.3372491548965848e-08}. Best is trial 4 with value: -0.440004.
[I 2024-01-28 16:25:23,497] Trial 11 finished with value: -0.430048 and parameters: {'learning_rate': 2.4271844362383155e-08, 'max_depth': 8, 'min_child_weight': 5, 'gamma': 0.22422885959372849, 'lambda': 3.3886706441500475e-08, 'alpha': 7.331795772537661e-05}. Best is trial 4 with value: -0.440004.
[I 2024-01-28 16:27:38,193] Trial 12 finished with value: -0.411507 and parameters: {'learning_rate': 1.717829139200955e-08, 'max_depth': 6, 'min_child_weight': 6, 'gamma': 0.007108916322504688, 'lambda': 4.7700309589512425e-08, 'alpha': 0.0005446937208599616}. Best is trial 4 with value: -0.440004.
[I 2024-01-28 16:30:03,149] Trial 13 finished with value: -0.411048 and parameters: {'learning_rate': 5.222415069168702e-07, 'max_depth': 6, 'min_child_weight': 5, 'gamma': 0.9088405797409719, 'lambda': 1.8726978343607404e-05, 'alpha': 5.453549570780773e-06}. Best is trial 4 with value: -0.440004.
[I 2024-01-28 16:32:01,852] Trial 14 finished with value: -0.429795 and parameters: {'learning_rate': 1.7904990710733126e-07, 'max_depth': 8, 'min_child_weight': 8, 'gamma': 5.332774979272707e-07, 'lambda': 1.3739240087705431e-08, 'alpha': 0.0011068543859008159}. Best is trial 4 with value: -0.440004.
[I 2024-01-28 16:34:25,581] Trial 15 finished with value: -0.411795 and parameters: {'learning_rate': 1.1555504362464632e-05, 'max_depth': 6, 'min_child_weight': 7, 'gamma': 8.90829315770192e-05, 'lambda': 0.00011239025940241648, 'alpha': 0.00013509984867993738}. Best is trial 4 with value: -0.440004.
[I 2024-01-28 16:36:11,172] Trial 16 finished with value: -0.369394 and parameters: {'learning_rate': 1.7751551701564857e-08, 'max_depth': 3, 'min_child_weight': 4, 'gamma': 0.0011422378122016626, 'lambda': 1.1256185193536808e-07, 'alpha': 0.013387252918768118}. Best is trial 4 with value: -0.440004.
[I 2024-01-28 16:38:08,427] Trial 17 finished with value: -0.421113 and parameters: {'learning_rate': 4.96738024861589e-07, 'max_depth': 7, 'min_child_weight': 7, 'gamma': 0.028028473971277265, 'lambda': 5.656831652208498e-06, 'alpha': 2.773231350589787e-06}. Best is trial 4 with value: -0.440004.
[I 2024-01-28 16:39:56,211] Trial 18 finished with value: -0.380399 and parameters: {'learning_rate': 2.855953846881308e-05, 'max_depth': 4, 'min_child_weight': 5, 'gamma': 0.04920908161660787, 'lambda': 1.8009127213988818e-07, 'alpha': 2.0140044063411838e-05}. Best is trial 4 with value: -0.440004.
[I 2024-01-28 16:42:16,653] Trial 19 finished with value: -0.430731 and parameters: {'learning_rate': 2.4975989911515514e-06, 'max_depth': 8, 'min_child_weight': 6, 'gamma': 0.0010556147842645338, 'lambda': 1.5649127716503503e-08, 'alpha': 0.0011263020862892215}. Best is trial 4 with value: -0.440004.
[I 2024-01-28 16:57:03,827] Trial 20 finished with value: -0.407955 and parameters: {'learning_rate': 0.005016736001874, 'max_depth': 4, 'min_child_weight': 6, 'gamma': 0.0007469481069127176, 'lambda': 1.4211049464684288e-08, 'alpha': 0.0011945094117787097}. Best is trial 4 with value: -0.440004.
[I 2024-01-28 16:59:23,623] Trial 21 finished with value: -0.429909 and parameters: {'learning_rate': 1.8295830879392869e-06, 'max_depth': 8, 'min_child_weight': 5, 'gamma': 0.005057887602275937, 'lambda': 1.018723401967629e-08, 'alpha': 0.00012395943326417626}. Best is trial 4 with value: -0.440004.
[I 2024-01-28 17:07:10,315] Trial 22 finished with value: -0.424403 and parameters: {'learning_rate': 9.351322374077082e-08, 'max_depth': 7, 'min_child_weight': 7, 'gamma': 0.13662676188647027, 'lambda': 2.3499279227414418e-07, 'alpha': 0.8262909463184822}. Best is trial 4 with value: -0.440004.
[I 2024-01-28 17:09:07,491] Trial 23 finished with value: -0.431473 and parameters: {'learning_rate': 0.0018364005778046515, 'max_depth': 8, 'min_child_weight': 6, 'gamma': 0.00020486049081530703, 'lambda': 4.865775564172217e-08, 'alpha': 0.0004214901545253534}. Best is trial 4 with value: -0.440004.
[I 2024-01-28 17:24:05,364] Trial 24 finished with value: -0.425425 and parameters: {'learning_rate': 0.0017155342059803494, 'max_depth': 6, 'min_child_weight': 6, 'gamma': 2.2036749120758122e-05, 'lambda': 9.593736828975006e-08, 'alpha': 0.0006178595459380116}. Best is trial 4 with value: -0.440004.
[I 2024-01-28 17:30:58,932] Trial 25 finished with value: -0.439778 and parameters: {'learning_rate': 0.0031849768395930864, 'max_depth': 8, 'min_child_weight': 7, 'gamma': 0.0002870654016730914, 'lambda': 2.4694490985485813e-06, 'alpha': 0.004381257251297835}. Best is trial 4 with value: -0.440004.
[I 2024-01-28 17:45:59,940] Trial 26 finished with value: -0.439493 and parameters: {'learning_rate': 0.0027401190809409, 'max_depth': 7, 'min_child_weight': 8, 'gamma': 0.0001172206830665258, 'lambda': 2.102862629448986e-06, 'alpha': 0.00801813934684407}. Best is trial 4 with value: -0.440004.
[I 2024-01-28 18:00:58,287] Trial 27 finished with value: -0.444863 and parameters: {'learning_rate': 0.005426419978057337, 'max_depth': 7, 'min_child_weight': 8, 'gamma': 5.185909542423141e-05, 'lambda': 2.2619083885641344e-06, 'alpha': 0.01856053794550583}. Best is trial 27 with value: -0.444863.
[I 2024-01-28 18:15:55,636] Trial 28 finished with value: -0.439978 and parameters: {'learning_rate': 0.007239178905362979, 'max_depth': 6, 'min_child_weight': 8, 'gamma': 5.955680208177674e-06, 'lambda': 3.6286437716013024e-05, 'alpha': 0.04195310247390413}. Best is trial 27 with value: -0.444863.
[I 2024-01-28 18:30:55,198] Trial 29 finished with value: -0.445648 and parameters: {'learning_rate': 0.00965910562971711, 'max_depth': 6, 'min_child_weight': 8, 'gamma': 2.543654472883284e-06, 'lambda': 3.135941088109786e-05, 'alpha': 0.0383652764972217}. Best is trial 29 with value: -0.445648.
[I 2024-01-28 18:40:54,099] Trial 30 finished with value: -0.399972 and parameters: {'learning_rate': 0.0006367104709718488, 'max_depth': 5, 'min_child_weight': 8, 'gamma': 1.117638243371421e-06, 'lambda': 0.00025951712516247285, 'alpha': 0.03877058790352654}. Best is trial 29 with value: -0.445648.
[I 2024-01-28 18:55:50,823] Trial 31 finished with value: -0.443885 and parameters: {'learning_rate': 0.008953051888078031, 'max_depth': 6, 'min_child_weight': 8, 'gamma': 1.2448425732768243e-05, 'lambda': 4.507015784234361e-05, 'alpha': 0.04455580063539875}. Best is trial 29 with value: -0.445648.
[I 2024-01-28 19:10:46,655] Trial 32 finished with value: -0.44599 and parameters: {'learning_rate': 0.009749252635603072, 'max_depth': 6, 'min_child_weight': 8, 'gamma': 2.2437925966880082e-05, 'lambda': 4.5087201212513696e-05, 'alpha': 0.0031199448110288907}. Best is trial 32 with value: -0.44599.
[I 2024-01-28 19:25:46,874] Trial 33 finished with value: -0.446574 and parameters: {'learning_rate': 0.009978325193968799, 'max_depth': 6, 'min_child_weight': 8, 'gamma': 2.4395491905018603e-05, 'lambda': 3.594237779583375e-05, 'alpha': 0.01753448585438552}. Best is trial 33 with value: -0.446574.
[I 2024-01-28 19:40:40,321] Trial 34 finished with value: -0.417659 and parameters: {'learning_rate': 0.0034102408360896248, 'max_depth': 5, 'min_child_weight': 8, 'gamma': 4.0641632294859834e-05, 'lambda': 1.1445826808702529e-05, 'alpha': 0.003507404173520522}. Best is trial 33 with value: -0.446574.
[I 2024-01-28 19:42:41,614] Trial 35 finished with value: -0.42101 and parameters: {'learning_rate': 0.0006848981131055364, 'max_depth': 7, 'min_child_weight': 7, 'gamma': 4.517438860252922e-05, 'lambda': 4.63458064247673e-06, 'alpha': 0.0203532755734883}. Best is trial 33 with value: -0.446574.
[I 2024-01-28 19:57:39,537] Trial 36 finished with value: -0.405085 and parameters: {'learning_rate': 0.0010970901042896084, 'max_depth': 5, 'min_child_weight': 8, 'gamma': 1.1362396473094968e-05, 'lambda': 0.0002663727167362185, 'alpha': 0.004884175931702342}. Best is trial 33 with value: -0.446574.
[I 2024-01-28 19:59:54,198] Trial 37 finished with value: -0.41132 and parameters: {'learning_rate': 0.00029957116102436647, 'max_depth': 6, 'min_child_weight': 7, 'gamma': 3.085016888445345e-06, 'lambda': 3.653220784349464e-05, 'alpha': 0.17875609817989002}. Best is trial 33 with value: -0.446574.
[I 2024-01-28 20:14:55,800] Trial 38 finished with value: -0.432633 and parameters: {'learning_rate': 0.00424195317754715, 'max_depth': 6, 'min_child_weight': 2, 'gamma': 2.356511995370028e-05, 'lambda': 0.0005666332241530974, 'alpha': 0.015397819812853233}. Best is trial 33 with value: -0.446574.
[I 2024-01-28 20:29:59,666] Trial 39 finished with value: -0.432875 and parameters: {'learning_rate': 0.0018012038653345752, 'max_depth': 7, 'min_child_weight': 8, 'gamma': 5.3306849847144264e-05, 'lambda': 6.913338427024849e-05, 'alpha': 0.002307125646069253}. Best is trial 33 with value: -0.446574.
[I 2024-01-28 20:44:55,963] Trial 40 finished with value: -0.435115 and parameters: {'learning_rate': 0.009319567891027867, 'max_depth': 5, 'min_child_weight': 7, 'gamma': 1.5565259343812852e-06, 'lambda': 1.8876044053178237e-05, 'alpha': 0.008129624493444489}. Best is trial 33 with value: -0.446574.
[I 2024-01-28 20:59:55,087] Trial 41 finished with value: -0.435812 and parameters: {'learning_rate': 0.005561931673277236, 'max_depth': 6, 'min_child_weight': 8, 'gamma': 1.0808580971872631e-05, 'lambda': 5.292510415967305e-05, 'alpha': 0.04453121065869689}. Best is trial 33 with value: -0.446574.
[I 2024-01-28 21:14:57,776] Trial 42 finished with value: -0.446867 and parameters: {'learning_rate': 0.009967050042044252, 'max_depth': 6, 'min_child_weight': 8, 'gamma': 1.831919311195376e-05, 'lambda': 2.30685535118187e-05, 'alpha': 0.11344033340211904}. Best is trial 42 with value: -0.446867.
[I 2024-01-28 21:29:58,159] Trial 43 finished with value: -0.420527 and parameters: {'learning_rate': 0.0010489273528098038, 'max_depth': 6, 'min_child_weight': 8, 'gamma': 3.717491189276477e-06, 'lambda': 1.0856949928760012e-05, 'alpha': 0.13836565087581584}. Best is trial 42 with value: -0.446867.
[I 2024-01-28 21:42:39,961] Trial 44 finished with value: -0.439622 and parameters: {'learning_rate': 0.003009684031616872, 'max_depth': 7, 'min_child_weight': 7, 'gamma': 1.7995248384316783e-05, 'lambda': 6.936488985975262e-07, 'alpha': 0.30425082999374525}. Best is trial 42 with value: -0.446867.
[I 2024-01-28 21:57:35,803] Trial 45 finished with value: -0.423112 and parameters: {'learning_rate': 0.005299667408969865, 'max_depth': 5, 'min_child_weight': 8, 'gamma': 6.002825173444826e-05, 'lambda': 0.000142257501000148, 'alpha': 0.06742562400498031}. Best is trial 42 with value: -0.446867.
[I 2024-01-28 22:12:38,778] Trial 46 finished with value: -0.444099 and parameters: {'learning_rate': 0.008978759796508588, 'max_depth': 6, 'min_child_weight': 8, 'gamma': 2.4859516903554516e-05, 'lambda': 4.390293003673384e-06, 'alpha': 0.41352773520277214}. Best is trial 42 with value: -0.446867.
[I 2024-01-28 22:14:40,454] Trial 47 finished with value: -0.42067 and parameters: {'learning_rate': 0.0002537881285416646, 'max_depth': 7, 'min_child_weight': 7, 'gamma': 5.897900428932693e-06, 'lambda': 1.9020727290737757e-05, 'alpha': 0.13385609048449704}. Best is trial 42 with value: -0.446867.
[I 2024-01-28 22:29:38,345] Trial 48 finished with value: -0.42675 and parameters: {'learning_rate': 0.00244831729837494, 'max_depth': 6, 'min_child_weight': 8, 'gamma': 2.8833628472080325e-07, 'lambda': 0.0006742350471152612, 'alpha': 0.02323422906785838}. Best is trial 42 with value: -0.446867.
[I 2024-01-28 22:44:32,281] Trial 49 finished with value: -0.404144 and parameters: {'learning_rate': 0.0009220457857473549, 'max_depth': 5, 'min_child_weight': 3, 'gamma': 2.447953901026414e-06, 'lambda': 0.0001253323675952966, 'alpha': 0.11681577810525279}. Best is trial 42 with value: -0.446867.
[I 2024-01-28 22:46:47,009] Trial 50 finished with value: -0.411521 and parameters: {'learning_rate': 0.00037905411913443765, 'max_depth': 6, 'min_child_weight': 7, 'gamma': 8.264392092168872e-07, 'lambda': 1.5853255540272563e-06, 'alpha': 0.009927070332019545}. Best is trial 42 with value: -0.446867.
[I 2024-01-28 23:01:49,335] Trial 51 finished with value: -0.445854 and parameters: {'learning_rate': 0.009714139708920171, 'max_depth': 6, 'min_child_weight': 8, 'gamma': 3.5001805993670804e-05, 'lambda': 4.557728855934368e-06, 'alpha': 0.42505845917936397}. Best is trial 42 with value: -0.446867.
[I 2024-01-28 23:16:48,323] Trial 52 finished with value: -0.434874 and parameters: {'learning_rate': 0.005176367535873747, 'max_depth': 6, 'min_child_weight': 8, 'gamma': 8.491890042175424e-06, 'lambda': 6.927055477130863e-06, 'alpha': 0.07804654590116046}. Best is trial 42 with value: -0.446867.
[I 2024-01-28 23:31:47,745] Trial 53 finished with value: -0.437564 and parameters: {'learning_rate': 0.0015699427864277495, 'max_depth': 7, 'min_child_weight': 8, 'gamma': 8.913382504390993e-05, 'lambda': 1.931899635302528e-05, 'alpha': 0.5119600331811293}. Best is trial 42 with value: -0.446867.
[I 2024-01-28 23:46:47,073] Trial 54 finished with value: -0.445435 and parameters: {'learning_rate': 0.009762826762829937, 'max_depth': 6, 'min_child_weight': 8, 'gamma': 3.094223665911505e-05, 'lambda': 2.9177011785109517e-06, 'alpha': 0.2168258747449992}. Best is trial 42 with value: -0.446867.
[I 2024-01-29 00:01:48,553] Trial 55 finished with value: -0.445079 and parameters: {'learning_rate': 0.009896118990002367, 'max_depth': 6, 'min_child_weight': 7, 'gamma': 2.0632791007668035e-06, 'lambda': 7.804799391383376e-05, 'alpha': 0.9589388717267403}. Best is trial 42 with value: -0.446867.
[I 2024-01-29 00:16:46,179] Trial 56 finished with value: -0.430292 and parameters: {'learning_rate': 0.0035251809260563264, 'max_depth': 6, 'min_child_weight': 8, 'gamma': 5.141273871838183e-06, 'lambda': 8.389176106622785e-06, 'alpha': 0.22448099277722752}. Best is trial 42 with value: -0.446867.
[I 2024-01-29 00:31:39,189] Trial 57 finished with value: -0.413802 and parameters: {'learning_rate': 0.0023168321725799863, 'max_depth': 5, 'min_child_weight': 7, 'gamma': 1.884388753990564e-05, 'lambda': 2.7514499522103353e-05, 'alpha': 0.32171930395410503}. Best is trial 42 with value: -0.446867.
[I 2024-01-29 00:46:17,569] Trial 58 finished with value: -0.436405 and parameters: {'learning_rate': 0.00588029555035127, 'max_depth': 6, 'min_child_weight': 4, 'gamma': 3.0377889166857084e-05, 'lambda': 3.7863907003124857e-06, 'alpha': 0.07342761565775628}. Best is trial 42 with value: -0.446867.
[I 2024-01-29 01:00:44,541] Trial 59 finished with value: -0.422929 and parameters: {'learning_rate': 0.0013059622980413634, 'max_depth': 6, 'min_child_weight': 8, 'gamma': 0.00013995628672375265, 'lambda': 1.272187841638315e-05, 'alpha': 0.6149381323833735}. Best is trial 42 with value: -0.446867.
[I 2024-01-29 01:15:34,067] Trial 60 finished with value: -0.420652 and parameters: {'learning_rate': 0.004390949501913685, 'max_depth': 5, 'min_child_weight': 2, 'gamma': 8.088497135697008e-06, 'lambda': 4.0437993868502526e-07, 'alpha': 0.22456360892962243}. Best is trial 42 with value: -0.446867.
[I 2024-01-29 01:30:19,492] Trial 61 finished with value: -0.443287 and parameters: {'learning_rate': 0.009067489160442702, 'max_depth': 6, 'min_child_weight': 7, 'gamma': 2.1437565245435313e-06, 'lambda': 5.934117448896354e-05, 'alpha': 0.9705386660419935}. Best is trial 42 with value: -0.446867.
[I 2024-01-29 01:44:45,813] Trial 62 finished with value: -0.444259 and parameters: {'learning_rate': 0.009334768837598607, 'max_depth': 6, 'min_child_weight': 8, 'gamma': 1.4898295159130318e-06, 'lambda': 0.00010787491434468137, 'alpha': 0.9010726880401088}. Best is trial 42 with value: -0.446867.
[I 2024-01-29 01:59:10,232] Trial 63 finished with value: -0.427416 and parameters: {'learning_rate': 0.0026243847865093026, 'max_depth': 6, 'min_child_weight': 8, 'gamma': 3.3132499859233085e-06, 'lambda': 2.9700646196913104e-05, 'alpha': 0.49556502305735395}. Best is trial 42 with value: -0.446867.
[I 2024-01-29 02:13:35,036] Trial 64 finished with value: -0.43869 and parameters: {'learning_rate': 0.006431961336388678, 'max_depth': 6, 'min_child_weight': 7, 'gamma': 1.4134177060771029e-05, 'lambda': 1.1077960891135237e-05, 'alpha': 0.10962983973547502}. Best is trial 42 with value: -0.446867.
[I 2024-01-29 02:16:06,592] Trial 65 finished with value: -0.409544 and parameters: {'learning_rate': 0.00015428618635931446, 'max_depth': 6, 'min_child_weight': 8, 'gamma': 5.426564232942151e-07, 'lambda': 8.321515491515881e-05, 'alpha': 0.30730216328664617}. Best is trial 42 with value: -0.446867.
[I 2024-01-29 02:30:35,989] Trial 66 finished with value: -0.441223 and parameters: {'learning_rate': 0.003942929899316067, 'max_depth': 7, 'min_child_weight': 8, 'gamma': 8.117074832232755e-05, 'lambda': 5.689140222049499e-06, 'alpha': 0.19909371992338173}. Best is trial 42 with value: -0.446867.
[I 2024-01-29 02:45:01,877] Trial 67 finished with value: -0.445782 and parameters: {'learning_rate': 0.009393410037503188, 'max_depth': 6, 'min_child_weight': 7, 'gamma': 3.2890690280279515e-05, 'lambda': 1.4178752249095843e-06, 'alpha': 0.03416794197750325}. Best is trial 42 with value: -0.446867.
[I 2024-01-29 02:59:24,210] Trial 68 finished with value: -0.410034 and parameters: {'learning_rate': 0.0017919332631827817, 'max_depth': 5, 'min_child_weight': 8, 'gamma': 3.496229995225178e-05, 'lambda': 1.1644153962286195e-06, 'alpha': 0.024846368792714135}. Best is trial 42 with value: -0.446867.
[I 2024-01-29 03:13:51,510] Trial 69 finished with value: -0.436114 and parameters: {'learning_rate': 0.0056517011500613465, 'max_depth': 6, 'min_child_weight': 8, 'gamma': 0.0001668422425289104, 'lambda': 2.8137497182511508e-06, 'alpha': 0.02734537943515508}. Best is trial 42 with value: -0.446867.
[I 2024-01-29 03:28:11,624] Trial 70 finished with value: -0.439754 and parameters: {'learning_rate': 0.0035512251930783028, 'max_depth': 7, 'min_child_weight': 7, 'gamma': 0.0004197022504331263, 'lambda': 1.7976593627981335e-06, 'alpha': 0.06284549964522641}. Best is trial 42 with value: -0.446867.
Number of finished trials:  71
Best trial:
  NDCG@10: 0.446867
  Params: 
    learning_rate: 0.009967050042044252
    max_depth: 6
    min_child_weight: 8
    gamma: 1.831919311195376e-05
    lambda: 2.30685535118187e-05
    alpha: 0.11344033340211904
