[I 2024-01-28 15:22:48,979] A new study created in memory with name: no-name-a0733ef6-6b0d-42c3-a9fe-b912a0ab4fc9
[I 2024-01-28 15:26:11,901] Trial 0 finished with value: -0.414781 and parameters: {'learning_rate': 1.5233919641530692e-07, 'max_depth': 6, 'min_child_weight': 3, 'gamma': 2.462027100282707e-05, 'lambda': 1.050822600109461e-05, 'alpha': 0.037842283240264715}. Best is trial 0 with value: -0.414781.
[I 2024-01-28 15:40:24,398] Trial 1 finished with value: -0.435124 and parameters: {'learning_rate': 0.00866943748358877, 'max_depth': 5, 'min_child_weight': 2, 'gamma': 0.001011394305455079, 'lambda': 5.181719079911986e-07, 'alpha': 1.5465271380483195e-05}. Best is trial 1 with value: -0.435124.
[I 2024-01-28 15:42:35,278] Trial 2 finished with value: -0.419622 and parameters: {'learning_rate': 1.3095884380589829e-05, 'max_depth': 7, 'min_child_weight': 4, 'gamma': 3.3764192185234195e-05, 'lambda': 8.171275233824712e-08, 'alpha': 0.0001519607272798154}. Best is trial 1 with value: -0.435124.
[I 2024-01-28 15:44:31,389] Trial 3 finished with value: -0.39511 and parameters: {'learning_rate': 1.2543179333158977e-08, 'max_depth': 5, 'min_child_weight': 8, 'gamma': 8.808599782315526e-07, 'lambda': 0.21561154902572582, 'alpha': 1.8354319937609084e-05}. Best is trial 1 with value: -0.435124.
[I 2024-01-28 15:46:16,656] Trial 4 finished with value: -0.367279 and parameters: {'learning_rate': 2.359160586374891e-07, 'max_depth': 3, 'min_child_weight': 5, 'gamma': 0.88150125312555, 'lambda': 6.720324586399098e-05, 'alpha': 1.3354562936727287e-05}. Best is trial 1 with value: -0.435124.
[I 2024-01-28 15:48:09,651] Trial 5 finished with value: -0.430329 and parameters: {'learning_rate': 0.00030095324472088935, 'max_depth': 8, 'min_child_weight': 7, 'gamma': 0.00015783732994704581, 'lambda': 0.00041470818571604363, 'alpha': 0.007215643872743461}. Best is trial 1 with value: -0.435124.
[I 2024-01-28 15:49:54,800] Trial 6 finished with value: -0.367279 and parameters: {'learning_rate': 9.005755204648319e-07, 'max_depth': 3, 'min_child_weight': 8, 'gamma': 0.0002344773240459058, 'lambda': 0.017091865102477618, 'alpha': 2.3232848801084256e-07}. Best is trial 1 with value: -0.435124.
[I 2024-01-28 15:51:40,120] Trial 7 finished with value: -0.367279 and parameters: {'learning_rate': 1.1925141819034398e-08, 'max_depth': 3, 'min_child_weight': 2, 'gamma': 0.010865453338555578, 'lambda': 0.0013495391879645468, 'alpha': 4.332665757644996e-08}. Best is trial 1 with value: -0.435124.
[I 2024-01-28 16:06:37,025] Trial 8 finished with value: -0.435436 and parameters: {'learning_rate': 0.0018020841460207866, 'max_depth': 7, 'min_child_weight': 5, 'gamma': 1.890570493516406e-08, 'lambda': 1.1068128769606145e-07, 'alpha': 0.32160798384459316}. Best is trial 8 with value: -0.435436.
[I 2024-01-28 16:08:29,519] Trial 9 finished with value: -0.428589 and parameters: {'learning_rate': 2.4746261148115656e-06, 'max_depth': 8, 'min_child_weight': 3, 'gamma': 7.251760608370114e-08, 'lambda': 0.007460179958132902, 'alpha': 0.016424433060081338}. Best is trial 8 with value: -0.435436.
[I 2024-01-28 16:23:20,947] Trial 10 finished with value: -0.435536 and parameters: {'learning_rate': 0.004368116031535671, 'max_depth': 6, 'min_child_weight': 6, 'gamma': 1.748510883548757e-08, 'lambda': 1.2347644668857585e-08, 'alpha': 0.4996429862190908}. Best is trial 10 with value: -0.435536.
[I 2024-01-28 16:38:14,908] Trial 11 finished with value: -0.433586 and parameters: {'learning_rate': 0.00405048302982671, 'max_depth': 6, 'min_child_weight': 6, 'gamma': 1.0876960443340573e-08, 'lambda': 1.0095992588923594e-08, 'alpha': 0.9962785488724636}. Best is trial 10 with value: -0.435536.
[I 2024-01-28 16:53:13,422] Trial 12 finished with value: -0.426805 and parameters: {'learning_rate': 0.0006572032460323144, 'max_depth': 7, 'min_child_weight': 6, 'gamma': 1.0361492750208172e-08, 'lambda': 1.0368153577653737e-08, 'alpha': 0.7362640365674399}. Best is trial 10 with value: -0.435536.
[I 2024-01-28 17:05:10,688] Trial 13 finished with value: -0.423608 and parameters: {'learning_rate': 0.00020370807492674675, 'max_depth': 7, 'min_child_weight': 5, 'gamma': 5.790591660137341e-07, 'lambda': 1.2755980407208996e-06, 'alpha': 0.08663291953332083}. Best is trial 10 with value: -0.435536.
[I 2024-01-28 17:19:58,156] Trial 14 finished with value: -0.412095 and parameters: {'learning_rate': 0.0012953154416961753, 'max_depth': 5, 'min_child_weight': 6, 'gamma': 2.83981452082673e-07, 'lambda': 2.4692752638809327e-07, 'alpha': 0.002179860669168988}. Best is trial 10 with value: -0.435536.
[I 2024-01-28 17:34:54,898] Trial 15 finished with value: -0.447832 and parameters: {'learning_rate': 0.00925038343963137, 'max_depth': 6, 'min_child_weight': 4, 'gamma': 3.976538886042925e-06, 'lambda': 5.513919273425165e-06, 'alpha': 0.20213242306965754}. Best is trial 15 with value: -0.447832.
[I 2024-01-28 17:49:39,507] Trial 16 finished with value: -0.411739 and parameters: {'learning_rate': 0.007382468021318584, 'max_depth': 4, 'min_child_weight': 4, 'gamma': 2.289821711231955e-06, 'lambda': 1.426588247865052e-05, 'alpha': 0.10542264768166891}. Best is trial 15 with value: -0.447832.
[I 2024-01-28 17:56:34,421] Trial 17 finished with value: -0.415258 and parameters: {'learning_rate': 0.00011353811941843706, 'max_depth': 6, 'min_child_weight': 4, 'gamma': 2.5292694190803235e-06, 'lambda': 2.4776097024123886e-06, 'alpha': 0.001682207791644247}. Best is trial 15 with value: -0.447832.
[I 2024-01-28 17:58:16,002] Trial 18 finished with value: -0.377785 and parameters: {'learning_rate': 8.059595777962991e-05, 'max_depth': 4, 'min_child_weight': 7, 'gamma': 2.2334039267152336e-07, 'lambda': 4.355400041367412e-06, 'alpha': 0.14099007136695277}. Best is trial 15 with value: -0.447832.
[I 2024-01-28 18:13:08,464] Trial 19 finished with value: -0.427422 and parameters: {'learning_rate': 0.0018125435885210637, 'max_depth': 6, 'min_child_weight': 7, 'gamma': 5.159788158853292e-06, 'lambda': 6.218035004592877e-05, 'alpha': 0.016991369093296488}. Best is trial 15 with value: -0.447832.
[I 2024-01-28 18:27:57,978] Trial 20 finished with value: -0.41386 and parameters: {'learning_rate': 0.008359670376324697, 'max_depth': 4, 'min_child_weight': 3, 'gamma': 7.796227513685083e-06, 'lambda': 8.544340513211749e-08, 'alpha': 0.6313601544370815}. Best is trial 15 with value: -0.447832.
[I 2024-01-28 18:42:56,290] Trial 21 finished with value: -0.435438 and parameters: {'learning_rate': 0.001748131974877446, 'max_depth': 7, 'min_child_weight': 5, 'gamma': 7.364263809643031e-08, 'lambda': 9.316020100454316e-08, 'alpha': 0.2143107204361139}. Best is trial 15 with value: -0.447832.
[I 2024-01-28 18:52:39,523] Trial 22 finished with value: -0.424434 and parameters: {'learning_rate': 0.0007023576855106777, 'max_depth': 7, 'min_child_weight': 4, 'gamma': 6.126126051954212e-08, 'lambda': 6.5698961536212e-07, 'alpha': 0.1192160780301415}. Best is trial 15 with value: -0.447832.
[I 2024-01-28 19:07:31,471] Trial 23 finished with value: -0.429661 and parameters: {'learning_rate': 0.0027693124248045174, 'max_depth': 6, 'min_child_weight': 5, 'gamma': 5.701545550278434e-08, 'lambda': 3.5015223149726257e-08, 'alpha': 0.0425965838687847}. Best is trial 15 with value: -0.447832.
[I 2024-01-28 19:22:32,293] Trial 24 finished with value: -0.446627 and parameters: {'learning_rate': 0.0034100993810674226, 'max_depth': 8, 'min_child_weight': 6, 'gamma': 1.933603201140983e-07, 'lambda': 3.270008652668815e-07, 'alpha': 0.3296650175955268}. Best is trial 15 with value: -0.447832.
[I 2024-01-28 19:24:34,250] Trial 25 finished with value: -0.429288 and parameters: {'learning_rate': 0.0005611008978365402, 'max_depth': 8, 'min_child_weight': 6, 'gamma': 1.1237775768354912e-06, 'lambda': 8.65536273994497e-07, 'alpha': 0.7947197860168987}. Best is trial 15 with value: -0.447832.
[I 2024-01-28 19:39:34,085] Trial 26 finished with value: -0.460705 and parameters: {'learning_rate': 0.00854836447342355, 'max_depth': 8, 'min_child_weight': 7, 'gamma': 2.7943017715403195e-07, 'lambda': 3.074981181554314e-07, 'alpha': 0.0040649442444425634}. Best is trial 26 with value: -0.460705.
[I 2024-01-28 19:54:32,596] Trial 27 finished with value: -0.448352 and parameters: {'learning_rate': 0.003941977623171911, 'max_depth': 8, 'min_child_weight': 7, 'gamma': 3.18708189352881e-07, 'lambda': 5.123407569221716e-06, 'alpha': 0.005231095448079362}. Best is trial 26 with value: -0.460705.
[I 2024-01-28 20:09:33,717] Trial 28 finished with value: -0.459623 and parameters: {'learning_rate': 0.008007589117098113, 'max_depth': 8, 'min_child_weight': 8, 'gamma': 8.647947319919264e-07, 'lambda': 9.155375670716489e-06, 'alpha': 0.002840970951885826}. Best is trial 26 with value: -0.460705.
[I 2024-01-28 20:11:44,915] Trial 29 finished with value: -0.429517 and parameters: {'learning_rate': 4.013031317463569e-05, 'max_depth': 8, 'min_child_weight': 8, 'gamma': 2.1509675919015996e-05, 'lambda': 1.062354468994747e-05, 'alpha': 0.0011835979557808342}. Best is trial 26 with value: -0.460705.
[I 2024-01-28 20:13:42,532] Trial 30 finished with value: -0.430588 and parameters: {'learning_rate': 0.00032578996334328963, 'max_depth': 8, 'min_child_weight': 7, 'gamma': 3.417626194870348e-07, 'lambda': 2.1600954200234916e-05, 'alpha': 0.0004042805198256665}. Best is trial 26 with value: -0.460705.
[I 2024-01-28 20:28:46,654] Trial 31 finished with value: -0.463092 and parameters: {'learning_rate': 0.009480156484478901, 'max_depth': 8, 'min_child_weight': 8, 'gamma': 1.3655778658353784e-06, 'lambda': 3.4296474676723045e-06, 'alpha': 0.007306643180105997}. Best is trial 31 with value: -0.463092.
[I 2024-01-28 20:43:49,226] Trial 32 finished with value: -0.46289 and parameters: {'learning_rate': 0.009331686491956382, 'max_depth': 8, 'min_child_weight': 8, 'gamma': 7.639704736294555e-07, 'lambda': 2.82749589626189e-06, 'alpha': 0.00666034716084923}. Best is trial 31 with value: -0.463092.
[I 2024-01-28 20:58:51,934] Trial 33 finished with value: -0.458572 and parameters: {'learning_rate': 0.007916706010525246, 'max_depth': 8, 'min_child_weight': 8, 'gamma': 1.2506482877299606e-06, 'lambda': 1.873251132235824e-06, 'alpha': 0.022771880807908866}. Best is trial 31 with value: -0.463092.
[I 2024-01-28 21:06:04,371] Trial 34 finished with value: -0.424756 and parameters: {'learning_rate': 0.0007972296876042692, 'max_depth': 7, 'min_child_weight': 8, 'gamma': 8.906797093683905e-06, 'lambda': 1.632238615206383e-06, 'alpha': 0.006314386138000461}. Best is trial 31 with value: -0.463092.
[I 2024-01-28 21:21:06,931] Trial 35 finished with value: -0.462619 and parameters: {'learning_rate': 0.009584825154366332, 'max_depth': 8, 'min_child_weight': 8, 'gamma': 8.253707904907611e-07, 'lambda': 4.4268675019317896e-07, 'alpha': 0.0004852811005022491}. Best is trial 31 with value: -0.463092.
[I 2024-01-28 21:31:06,988] Trial 36 finished with value: -0.437505 and parameters: {'learning_rate': 0.0014734433220312156, 'max_depth': 8, 'min_child_weight': 8, 'gamma': 1.996260489383758e-05, 'lambda': 6.116773771043475e-07, 'alpha': 0.0006312155251958041}. Best is trial 31 with value: -0.463092.
[I 2024-01-28 21:46:05,290] Trial 37 finished with value: -0.436223 and parameters: {'learning_rate': 0.0022956565725296093, 'max_depth': 7, 'min_child_weight': 7, 'gamma': 1.8240138523314074e-06, 'lambda': 3.524391123566243e-07, 'alpha': 0.00027264990855331746}. Best is trial 31 with value: -0.463092.
[I 2024-01-28 22:01:05,584] Trial 38 finished with value: -0.456069 and parameters: {'learning_rate': 0.00998089617982582, 'max_depth': 7, 'min_child_weight': 8, 'gamma': 7.656481348431563e-05, 'lambda': 2.653850659965477e-05, 'alpha': 0.00010225270247330248}. Best is trial 31 with value: -0.463092.
[I 2024-01-28 22:16:07,968] Trial 39 finished with value: -0.44995 and parameters: {'learning_rate': 0.004127478446757556, 'max_depth': 8, 'min_child_weight': 7, 'gamma': 6.622124237191566e-07, 'lambda': 2.1917516773574618e-07, 'alpha': 0.0010290284161531232}. Best is trial 31 with value: -0.463092.
[I 2024-01-28 22:18:09,822] Trial 40 finished with value: -0.431892 and parameters: {'learning_rate': 0.0007639415629173938, 'max_depth': 8, 'min_child_weight': 8, 'gamma': 1.2484359656422116e-07, 'lambda': 2.5351791725858204e-06, 'alpha': 3.647116276235942e-05}. Best is trial 31 with value: -0.463092.
[I 2024-01-28 22:33:11,713] Trial 41 finished with value: -0.453989 and parameters: {'learning_rate': 0.005893498758868303, 'max_depth': 8, 'min_child_weight': 8, 'gamma': 7.678598001949287e-07, 'lambda': 6.284358719642279e-06, 'alpha': 0.0038187162830192467}. Best is trial 31 with value: -0.463092.
[I 2024-01-28 22:48:15,300] Trial 42 finished with value: -0.446509 and parameters: {'learning_rate': 0.0031247326723493687, 'max_depth': 8, 'min_child_weight': 8, 'gamma': 1.5494388187299712e-06, 'lambda': 8.711171635590467e-07, 'alpha': 0.008924755672933679}. Best is trial 31 with value: -0.463092.
[I 2024-01-28 23:03:17,677] Trial 43 finished with value: -0.456086 and parameters: {'learning_rate': 0.009982848198045343, 'max_depth': 7, 'min_child_weight': 7, 'gamma': 6.220037231362736e-07, 'lambda': 3.3137270495205124e-05, 'alpha': 0.00319345666990982}. Best is trial 31 with value: -0.463092.
[I 2024-01-28 23:18:21,929] Trial 44 finished with value: -0.45028 and parameters: {'learning_rate': 0.004505142823803083, 'max_depth': 8, 'min_child_weight': 8, 'gamma': 3.538036119635772e-08, 'lambda': 0.00010148772430712991, 'alpha': 0.00024071933423563285}. Best is trial 31 with value: -0.463092.
[I 2024-01-28 23:33:19,241] Trial 45 finished with value: -0.431513 and parameters: {'learning_rate': 0.0013156759480827224, 'max_depth': 7, 'min_child_weight': 7, 'gamma': 4.2237524522547655e-06, 'lambda': 1.6678048330464873e-07, 'alpha': 0.0007323564219710812}. Best is trial 31 with value: -0.463092.
[I 2024-01-28 23:48:20,447] Trial 46 finished with value: -0.450964 and parameters: {'learning_rate': 0.004885171747181942, 'max_depth': 8, 'min_child_weight': 8, 'gamma': 1.2866015577742552e-07, 'lambda': 3.6503105268823386e-08, 'alpha': 0.0023003871528412714}. Best is trial 31 with value: -0.463092.
[I 2024-01-29 00:03:24,481] Trial 47 finished with value: -0.443694 and parameters: {'learning_rate': 0.002406991963145917, 'max_depth': 8, 'min_child_weight': 8, 'gamma': 1.2153645800603815e-05, 'lambda': 5.012418537376636e-07, 'alpha': 0.009594945298598176}. Best is trial 31 with value: -0.463092.
[I 2024-01-29 00:05:26,247] Trial 48 finished with value: -0.431426 and parameters: {'learning_rate': 0.001058351312638351, 'max_depth': 8, 'min_child_weight': 8, 'gamma': 5.369692552564436e-07, 'lambda': 2.8622741090216325e-06, 'alpha': 0.04434072633124233}. Best is trial 31 with value: -0.463092.
[I 2024-01-29 00:20:23,451] Trial 49 finished with value: -0.446443 and parameters: {'learning_rate': 0.00591788272021356, 'max_depth': 7, 'min_child_weight': 7, 'gamma': 2.7541769043668206e-08, 'lambda': 1.0433648083887713e-05, 'alpha': 0.0024909420773809297}. Best is trial 31 with value: -0.463092.
[I 2024-01-29 00:22:14,797] Trial 50 finished with value: -0.395274 and parameters: {'learning_rate': 0.0003621517892195903, 'max_depth': 5, 'min_child_weight': 2, 'gamma': 2.2035006244986876e-06, 'lambda': 1.2780264039747027e-06, 'alpha': 0.012665925945899334}. Best is trial 31 with value: -0.463092.
[I 2024-01-29 00:37:18,614] Trial 51 finished with value: -0.462614 and parameters: {'learning_rate': 0.00920908234387828, 'max_depth': 8, 'min_child_weight': 8, 'gamma': 1.0776791543815588e-06, 'lambda': 2.668262424583587e-06, 'alpha': 0.018931753404031165}. Best is trial 31 with value: -0.463092.
[I 2024-01-29 00:51:49,971] Trial 52 finished with value: -0.443455 and parameters: {'learning_rate': 0.002453507831911821, 'max_depth': 8, 'min_child_weight': 8, 'gamma': 3.5991237089636687e-07, 'lambda': 4.209384579038264e-06, 'alpha': 0.03103047736303048}. Best is trial 31 with value: -0.463092.
[I 2024-01-29 01:06:25,554] Trial 53 finished with value: -0.452893 and parameters: {'learning_rate': 0.005206314198134153, 'max_depth': 8, 'min_child_weight': 8, 'gamma': 1.628037195729048e-07, 'lambda': 1.235562811414809e-06, 'alpha': 0.006129808600089551}. Best is trial 31 with value: -0.463092.
[I 2024-01-29 01:21:26,697] Trial 54 finished with value: -0.455439 and parameters: {'learning_rate': 0.006305840991963682, 'max_depth': 8, 'min_child_weight': 8, 'gamma': 3.7000583754772766e-06, 'lambda': 8.529358463488909e-06, 'alpha': 0.01606951822739053}. Best is trial 31 with value: -0.463092.
[I 2024-01-29 01:36:03,064] Trial 55 finished with value: -0.43409 and parameters: {'learning_rate': 0.0016731389990606734, 'max_depth': 7, 'min_child_weight': 7, 'gamma': 1.0754561265959343e-06, 'lambda': 3.9956430686872325e-07, 'alpha': 0.0017029331395724643}. Best is trial 31 with value: -0.463092.
[I 2024-01-29 01:50:33,886] Trial 56 finished with value: -0.44567 and parameters: {'learning_rate': 0.003023009745958188, 'max_depth': 8, 'min_child_weight': 7, 'gamma': 2.6905941472606902e-06, 'lambda': 2.8734641319156605e-06, 'alpha': 0.04987331815633668}. Best is trial 31 with value: -0.463092.
[I 2024-01-29 02:05:00,654] Trial 57 finished with value: -0.455446 and parameters: {'learning_rate': 0.009788475091915954, 'max_depth': 7, 'min_child_weight': 8, 'gamma': 6.931635394839114e-06, 'lambda': 2.0723820719690885e-07, 'alpha': 0.0005261718648437338}. Best is trial 31 with value: -0.463092.
[I 2024-01-29 02:06:58,369] Trial 58 finished with value: -0.431326 and parameters: {'learning_rate': 0.0011944177678863876, 'max_depth': 8, 'min_child_weight': 8, 'gamma': 4.0462881125704275e-07, 'lambda': 8.54968365609608e-07, 'alpha': 0.004148216053992493}. Best is trial 31 with value: -0.463092.
[I 2024-01-29 02:14:25,263] Trial 59 finished with value: -0.384548 and parameters: {'learning_rate': 0.00566236091422315, 'max_depth': 3, 'min_child_weight': 7, 'gamma': 1.1259713086681746e-07, 'lambda': 6.9985293912165605e-06, 'alpha': 0.0010451172790030112}. Best is trial 31 with value: -0.463092.
[I 2024-01-29 02:28:55,864] Trial 60 finished with value: -0.445693 and parameters: {'learning_rate': 0.0024004062212048356, 'max_depth': 8, 'min_child_weight': 6, 'gamma': 1.0552060698477736e-06, 'lambda': 1.790126089864481e-05, 'alpha': 0.011144982978181157}. Best is trial 31 with value: -0.463092.
[I 2024-01-29 02:43:25,294] Trial 61 finished with value: -0.457933 and parameters: {'learning_rate': 0.007149784935207289, 'max_depth': 8, 'min_child_weight': 8, 'gamma': 1.3412780669855347e-06, 'lambda': 1.7107708081360549e-06, 'alpha': 0.020408617763206908}. Best is trial 31 with value: -0.463092.
[I 2024-01-29 02:57:54,589] Trial 62 finished with value: -0.45784 and parameters: {'learning_rate': 0.006997422774588279, 'max_depth': 8, 'min_child_weight': 8, 'gamma': 2.3663307778868234e-07, 'lambda': 2.2823438541216477e-06, 'alpha': 0.02827787019362652}. Best is trial 31 with value: -0.463092.
[I 2024-01-29 03:12:23,593] Trial 63 finished with value: -0.463259 and parameters: {'learning_rate': 0.009945958483733915, 'max_depth': 8, 'min_child_weight': 8, 'gamma': 3.960502560837835e-06, 'lambda': 3.987706039595184e-06, 'alpha': 0.0059390068654545485}. Best is trial 63 with value: -0.463259.
[I 2024-01-29 03:26:48,324] Trial 64 finished with value: -0.440202 and parameters: {'learning_rate': 0.0038337719700126554, 'max_depth': 7, 'min_child_weight': 8, 'gamma': 5.5599316498757125e-06, 'lambda': 3.700561224939605e-06, 'alpha': 0.004115826844890529}. Best is trial 63 with value: -0.463259.
Number of finished trials:  65
Best trial:
  NDCG@10: 0.463259
  Params: 
    learning_rate: 0.009945958483733915
    max_depth: 8
    min_child_weight: 8
    gamma: 3.960502560837835e-06
    lambda: 3.987706039595184e-06
    alpha: 0.0059390068654545485
