[I 2024-01-12 16:41:33,634] A new study created in memory with name: no-name-50ca097b-b21c-4c04-9b7b-af38a92c39c5
[I 2024-01-12 18:10:16,694] Trial 0 finished with value: -0.616194 and parameters: {'learning_rate': 2.486860531349963e-08, 'max_depth': 7, 'min_child_weight': 8, 'gamma': 1.9756247127071917e-08, 'lambda': 0.158791035311863, 'alpha': 3.6702551572234023e-07}. Best is trial 0 with value: -0.616194.
[I 2024-01-12 18:58:00,994] Trial 1 finished with value: -0.728996 and parameters: {'learning_rate': 0.0013228456971163983, 'max_depth': 4, 'min_child_weight': 3, 'gamma': 4.639196171827357e-06, 'lambda': 3.436126754002806e-07, 'alpha': 0.05007968937603213}. Best is trial 1 with value: -0.728996.
[I 2024-01-12 19:29:59,506] Trial 2 finished with value: -0.644689 and parameters: {'learning_rate': 8.456189965827943e-08, 'max_depth': 5, 'min_child_weight': 8, 'gamma': 0.0017849875915561491, 'lambda': 6.386230113949345e-06, 'alpha': 0.0005283693281358439}. Best is trial 1 with value: -0.728996.
[I 2024-01-12 19:39:07,422] Trial 3 finished with value: -0.610375 and parameters: {'learning_rate': 8.000405094036235e-06, 'max_depth': 1, 'min_child_weight': 2, 'gamma': 2.1001235344812544e-05, 'lambda': 0.05258205896836467, 'alpha': 6.215500563734027e-08}. Best is trial 1 with value: -0.728996.
[I 2024-01-12 20:16:09,262] Trial 4 finished with value: -0.674929 and parameters: {'learning_rate': 1.0190098428264302e-06, 'max_depth': 2, 'min_child_weight': 8, 'gamma': 1.8582782304369714e-08, 'lambda': 4.148022885402581e-05, 'alpha': 0.8121509683886153}. Best is trial 1 with value: -0.728996.
[I 2024-01-12 20:49:42,700] Trial 5 finished with value: -0.73794 and parameters: {'learning_rate': 2.5925821674638524e-06, 'max_depth': 6, 'min_child_weight': 7, 'gamma': 2.552949716763017e-07, 'lambda': 0.0007717162530238973, 'alpha': 0.08390622545858527}. Best is trial 5 with value: -0.73794.
[I 2024-01-12 21:10:22,854] Trial 6 finished with value: -0.752755 and parameters: {'learning_rate': 0.0073281213440821395, 'max_depth': 8, 'min_child_weight': 6, 'gamma': 2.8202217437367136e-06, 'lambda': 0.00012728063947565923, 'alpha': 3.109937743187573e-08}. Best is trial 6 with value: -0.752755.
[I 2024-01-12 21:39:45,210] Trial 7 finished with value: -0.74616 and parameters: {'learning_rate': 0.00022032025935336797, 'max_depth': 7, 'min_child_weight': 6, 'gamma': 0.5776395584622304, 'lambda': 0.0005553186589603921, 'alpha': 6.211337991492129e-07}. Best is trial 6 with value: -0.752755.
[I 2024-01-12 21:54:36,247] Trial 8 finished with value: -0.753712 and parameters: {'learning_rate': 5.709455027422401e-06, 'max_depth': 8, 'min_child_weight': 7, 'gamma': 0.0012196447699518143, 'lambda': 2.3045794125249823e-08, 'alpha': 0.00013019709018697895}. Best is trial 8 with value: -0.753712.
[I 2024-01-12 22:14:50,397] Trial 9 finished with value: -0.732142 and parameters: {'learning_rate': 3.970814625912642e-05, 'max_depth': 5, 'min_child_weight': 3, 'gamma': 0.332810965155241, 'lambda': 1.5312166296642874e-08, 'alpha': 3.5717900260386926e-05}. Best is trial 8 with value: -0.753712.
[I 2024-01-12 22:30:05,686] Trial 10 finished with value: -0.672954 and parameters: {'learning_rate': 3.822305080589012e-07, 'max_depth': 3, 'min_child_weight': 10, 'gamma': 0.0009603279033623573, 'lambda': 1.1097844614785423e-08, 'alpha': 2.789389464078763e-05}. Best is trial 8 with value: -0.753712.
[I 2024-01-12 22:54:22,467] Trial 11 finished with value: -0.753511 and parameters: {'learning_rate': 0.003923864078731428, 'max_depth': 8, 'min_child_weight': 5, 'gamma': 0.00021737545331702548, 'lambda': 2.385797101129333e-06, 'alpha': 4.2001518486062974e-08}. Best is trial 8 with value: -0.753712.
[I 2024-01-12 23:26:46,446] Trial 12 finished with value: -0.753407 and parameters: {'learning_rate': 6.350597482759451e-05, 'max_depth': 8, 'min_child_weight': 5, 'gamma': 0.0003896246505013838, 'lambda': 4.5043922401434656e-07, 'alpha': 2.972485973294939e-06}. Best is trial 8 with value: -0.753712.
[I 2024-01-12 23:46:47,462] Trial 13 finished with value: -0.74631 and parameters: {'learning_rate': 0.0005203795451173064, 'max_depth': 7, 'min_child_weight': 5, 'gamma': 0.010743545583600316, 'lambda': 1.5507196707199948e-07, 'alpha': 1.1020536152161114e-08}. Best is trial 8 with value: -0.753712.
[I 2024-01-13 00:08:22,791] Trial 14 finished with value: -0.752318 and parameters: {'learning_rate': 1.4616976232204886e-05, 'max_depth': 8, 'min_child_weight': 4, 'gamma': 8.20656653487589e-05, 'lambda': 3.212351209021697e-06, 'alpha': 0.0003686291845783241}. Best is trial 8 with value: -0.753712.
[I 2024-01-13 00:39:14,424] Trial 15 finished with value: -0.738618 and parameters: {'learning_rate': 0.00700821416943879, 'max_depth': 6, 'min_child_weight': 10, 'gamma': 0.00944874721334949, 'lambda': 8.40972909720567e-08, 'alpha': 4.205646377970956e-06}. Best is trial 8 with value: -0.753712.
[I 2024-01-13 01:49:03,915] Trial 16 finished with value: -0.739978 and parameters: {'learning_rate': 0.00013269366565320118, 'max_depth': 6, 'min_child_weight': 7, 'gamma': 5.875058196562822e-05, 'lambda': 1.8458524228042978e-06, 'alpha': 0.0009364724769683256}. Best is trial 8 with value: -0.753712.
[I 2024-01-13 02:16:29,717] Trial 17 finished with value: -0.752148 and parameters: {'learning_rate': 1.1133821194879737e-05, 'max_depth': 8, 'min_child_weight': 5, 'gamma': 0.00024549639595644666, 'lambda': 9.49552979886503e-08, 'alpha': 1.7669361253512561e-07}. Best is trial 8 with value: -0.753712.
[I 2024-01-13 02:47:13,083] Trial 18 finished with value: -0.726854 and parameters: {'learning_rate': 0.0006557977177292787, 'max_depth': 4, 'min_child_weight': 9, 'gamma': 0.008641153110109758, 'lambda': 1.4694780002309456e-08, 'alpha': 1.220082175813697e-08}. Best is trial 8 with value: -0.753712.
[I 2024-01-13 03:41:58,059] Trial 19 finished with value: -0.748035 and parameters: {'learning_rate': 2.7871582889599827e-06, 'max_depth': 7, 'min_child_weight': 7, 'gamma': 1.4941877110634536e-05, 'lambda': 1.2583767819841566e-05, 'alpha': 5.4587666061528246e-06}. Best is trial 8 with value: -0.753712.
[I 2024-01-13 04:21:20,042] Trial 20 finished with value: -0.739539 and parameters: {'learning_rate': 2.4546496235590036e-05, 'max_depth': 6, 'min_child_weight': 4, 'gamma': 0.059034149051231166, 'lambda': 1.4837833653150835e-06, 'alpha': 1.367752266866342e-07}. Best is trial 8 with value: -0.753712.
[I 2024-01-13 04:51:25,841] Trial 21 finished with value: -0.752709 and parameters: {'learning_rate': 0.00010146475219811353, 'max_depth': 8, 'min_child_weight': 5, 'gamma': 0.0005436738372033957, 'lambda': 5.351004488761816e-07, 'alpha': 1.073975485253762e-06}. Best is trial 8 with value: -0.753712.
Number of finished trials:  22
Best trial:
  NDCG@10: 0.753712
  Params: 
    learning_rate: 5.709455027422401e-06
    max_depth: 8
    min_child_weight: 7
    gamma: 0.0012196447699518143
    lambda: 2.3045794125249823e-08
    alpha: 0.00013019709018697895
