[I 2024-01-12 16:57:56,663] A new study created in memory with name: no-name-367d2be7-50e9-418d-bc8e-39bc8d1349bb
[I 2024-01-12 19:00:18,440] Trial 0 finished with value: -0.86201 and parameters: {'learning_rate': 0.0017168914197490312, 'max_depth': 8, 'min_child_weight': 6, 'gamma': 2.0563681126647935e-07, 'lambda': 7.708258900015065e-08, 'alpha': 3.093986880001917e-08}. Best is trial 0 with value: -0.86201.
[I 2024-01-12 20:04:35,274] Trial 1 finished with value: -0.764778 and parameters: {'learning_rate': 2.500577524797955e-07, 'max_depth': 3, 'min_child_weight': 2, 'gamma': 1.4647158297697785e-06, 'lambda': 0.013965706595418655, 'alpha': 2.03580530251823e-05}. Best is trial 0 with value: -0.86201.
[I 2024-01-12 21:04:34,937] Trial 2 finished with value: -0.767264 and parameters: {'learning_rate': 8.15067612304023e-06, 'max_depth': 8, 'min_child_weight': 10, 'gamma': 2.669426439738891e-07, 'lambda': 2.1367576544404883e-05, 'alpha': 0.012031495640447589}. Best is trial 0 with value: -0.86201.
[I 2024-01-12 22:00:48,130] Trial 3 finished with value: -0.767151 and parameters: {'learning_rate': 1.846602726063662e-08, 'max_depth': 7, 'min_child_weight': 2, 'gamma': 1.2562722917625885e-05, 'lambda': 0.05684669928452748, 'alpha': 2.9998528499374723e-07}. Best is trial 0 with value: -0.86201.
[I 2024-01-12 23:52:47,889] Trial 4 finished with value: -0.857121 and parameters: {'learning_rate': 0.007598336057066068, 'max_depth': 6, 'min_child_weight': 9, 'gamma': 2.7215165188459615e-08, 'lambda': 0.19516271930488627, 'alpha': 5.4789357216505175e-08}. Best is trial 0 with value: -0.86201.
[I 2024-01-13 01:54:29,117] Trial 5 finished with value: -0.847026 and parameters: {'learning_rate': 6.508118452155698e-05, 'max_depth': 4, 'min_child_weight': 3, 'gamma': 0.5401806511388448, 'lambda': 2.133406378602507e-07, 'alpha': 4.4444920107947905e-06}. Best is trial 0 with value: -0.86201.
[I 2024-01-13 03:22:55,066] Trial 6 finished with value: -0.766211 and parameters: {'learning_rate': 3.0186690165651964e-07, 'max_depth': 6, 'min_child_weight': 10, 'gamma': 1.4310672591785229e-05, 'lambda': 2.082482332050129e-05, 'alpha': 3.6056552099040863e-07}. Best is trial 0 with value: -0.86201.
[I 2024-01-13 05:24:24,043] Trial 7 finished with value: -0.850257 and parameters: {'learning_rate': 0.0008394833930286501, 'max_depth': 3, 'min_child_weight': 8, 'gamma': 4.4334590420438926e-08, 'lambda': 5.032630298976071e-07, 'alpha': 1.5603306566863301e-07}. Best is trial 0 with value: -0.86201.
Number of finished trials:  8
Best trial:
  NDCG@100: 0.86201
  Params: 
    learning_rate: 0.0017168914197490312
    max_depth: 8
    min_child_weight: 6
    gamma: 2.0563681126647935e-07
    lambda: 7.708258900015065e-08
    alpha: 3.093986880001917e-08
