[I 2024-01-14 00:48:05,958] A new study created in memory with name: no-name-84be3745-275f-4c86-8e2d-4c827d9d6ad8
[I 2024-01-14 01:47:10,364] Trial 0 finished with value: -0.374642 and parameters: {'learning_rate': 4.822859091992991e-05, 'max_depth': 4, 'min_child_weight': 2, 'gamma': 7.827784354490777e-06, 'lambda': 3.4431024705672156e-05, 'alpha': 1.5011142200771678e-05}. Best is trial 0 with value: -0.374642.
[I 2024-01-14 02:12:44,243] Trial 1 finished with value: -0.133471 and parameters: {'learning_rate': 1.0106536657197407e-08, 'max_depth': 4, 'min_child_weight': 5, 'gamma': 0.05501098663885014, 'lambda': 1.8369319030423166e-07, 'alpha': 0.005564582436355619}. Best is trial 0 with value: -0.374642.
[I 2024-01-14 04:30:09,128] Trial 2 finished with value: -0.389383 and parameters: {'learning_rate': 0.0018996940119921913, 'max_depth': 5, 'min_child_weight': 8, 'gamma': 1.8117178460630042e-05, 'lambda': 0.07551174745889845, 'alpha': 0.0028007008559129565}. Best is trial 2 with value: -0.389383.
[I 2024-01-14 05:21:54,303] Trial 3 finished with value: -0.416359 and parameters: {'learning_rate': 0.000601942793685813, 'max_depth': 7, 'min_child_weight': 9, 'gamma': 1.898386514466092e-07, 'lambda': 4.7027441262543055e-07, 'alpha': 4.885635476443502e-08}. Best is trial 3 with value: -0.416359.
[I 2024-01-14 06:02:12,577] Trial 4 finished with value: -0.307348 and parameters: {'learning_rate': 0.0008523652191778935, 'max_depth': 2, 'min_child_weight': 10, 'gamma': 0.3586868465946676, 'lambda': 8.430935309600687e-07, 'alpha': 0.000515996938513584}. Best is trial 3 with value: -0.416359.
[I 2024-01-14 07:44:58,463] Trial 5 finished with value: -0.349348 and parameters: {'learning_rate': 1.5769022050595038e-05, 'max_depth': 3, 'min_child_weight': 2, 'gamma': 0.4972301212392736, 'lambda': 2.368749309648177e-06, 'alpha': 0.03410104234155796}. Best is trial 3 with value: -0.416359.
[I 2024-01-14 08:52:06,743] Trial 6 finished with value: -0.136364 and parameters: {'learning_rate': 6.286420031616397e-08, 'max_depth': 6, 'min_child_weight': 7, 'gamma': 1.407608014696757e-08, 'lambda': 0.0037949248507748393, 'alpha': 0.007716769108920005}. Best is trial 3 with value: -0.416359.
[I 2024-01-14 09:17:34,855] Trial 7 finished with value: -0.133471 and parameters: {'learning_rate': 1.91009268848836e-08, 'max_depth': 1, 'min_child_weight': 6, 'gamma': 3.334538605066339e-06, 'lambda': 0.0009153499684417248, 'alpha': 0.001740743762706357}. Best is trial 3 with value: -0.416359.
[I 2024-01-14 09:43:03,330] Trial 8 finished with value: -0.285405 and parameters: {'learning_rate': 0.006507978332159316, 'max_depth': 1, 'min_child_weight': 6, 'gamma': 1.0672093649649633e-08, 'lambda': 0.0022929791259940573, 'alpha': 0.1706074785469625}. Best is trial 3 with value: -0.416359.
[I 2024-01-14 10:08:39,837] Trial 9 finished with value: -0.133471 and parameters: {'learning_rate': 1.6092236040137045e-08, 'max_depth': 7, 'min_child_weight': 4, 'gamma': 1.8450995115545398e-08, 'lambda': 0.4315250347918692, 'alpha': 7.375987721164475e-06}. Best is trial 3 with value: -0.416359.
[I 2024-01-14 10:54:14,115] Trial 10 finished with value: -0.425442 and parameters: {'learning_rate': 0.0001813653918582972, 'max_depth': 8, 'min_child_weight': 10, 'gamma': 0.002028262017094656, 'lambda': 5.921882283393729e-08, 'alpha': 1.2070527073417304e-08}. Best is trial 10 with value: -0.425442.
[I 2024-01-14 11:34:55,227] Trial 11 finished with value: -0.425819 and parameters: {'learning_rate': 0.0001414623504005019, 'max_depth': 8, 'min_child_weight': 10, 'gamma': 0.0017437440427166026, 'lambda': 1.6751846191444604e-08, 'alpha': 1.4509122325440686e-08}. Best is trial 11 with value: -0.425819.
[I 2024-01-14 13:02:24,924] Trial 12 finished with value: -0.425882 and parameters: {'learning_rate': 9.683181652927911e-05, 'max_depth': 8, 'min_child_weight': 10, 'gamma': 0.0015751037825054446, 'lambda': 1.2605931300765372e-08, 'alpha': 2.990668746519321e-08}. Best is trial 12 with value: -0.425882.
[I 2024-01-14 15:18:08,905] Trial 13 finished with value: -0.421847 and parameters: {'learning_rate': 3.7615191481625455e-06, 'max_depth': 8, 'min_child_weight': 8, 'gamma': 0.0016426169252302901, 'lambda': 3.709046577836605e-08, 'alpha': 1.6936010236205e-07}. Best is trial 12 with value: -0.425882.
[I 2024-01-14 16:14:31,598] Trial 14 finished with value: -0.403222 and parameters: {'learning_rate': 3.4095481045227266e-06, 'max_depth': 6, 'min_child_weight': 10, 'gamma': 0.0005497882090341841, 'lambda': 1.4038942504365559e-08, 'alpha': 1.5953557536097564e-07}. Best is trial 12 with value: -0.425882.
[I 2024-01-14 17:22:21,924] Trial 15 finished with value: -0.424565 and parameters: {'learning_rate': 7.842879475161478e-05, 'max_depth': 8, 'min_child_weight': 8, 'gamma': 0.009055561652445063, 'lambda': 1.830084611260067e-08, 'alpha': 9.481074474831346e-07}. Best is trial 12 with value: -0.425882.
[I 2024-01-14 17:51:47,569] Trial 16 finished with value: -0.407133 and parameters: {'learning_rate': 0.0002576126740922149, 'max_depth': 6, 'min_child_weight': 9, 'gamma': 7.09447672681059e-05, 'lambda': 6.483349113326556e-06, 'alpha': 1.610670291824621e-08}. Best is trial 12 with value: -0.425882.
[I 2024-01-14 18:44:43,290] Trial 17 finished with value: -0.417219 and parameters: {'learning_rate': 0.007938536391920329, 'max_depth': 7, 'min_child_weight': 9, 'gamma': 0.00024725973811982947, 'lambda': 1.6176681323907063e-07, 'alpha': 9.4654735179768e-07}. Best is trial 12 with value: -0.425882.
[I 2024-01-14 20:38:47,857] Trial 18 finished with value: -0.389131 and parameters: {'learning_rate': 2.793933109776894e-05, 'max_depth': 5, 'min_child_weight': 4, 'gamma': 0.007456117281107153, 'lambda': 1.405846206336396e-08, 'alpha': 0.00010006509718455513}. Best is trial 12 with value: -0.425882.
[I 2024-01-14 21:58:59,084] Trial 19 finished with value: -0.425652 and parameters: {'learning_rate': 0.00011459619829746658, 'max_depth': 8, 'min_child_weight': 10, 'gamma': 0.03702774856678087, 'lambda': 1.4414062855753021e-06, 'alpha': 1.3872950694366608e-08}. Best is trial 12 with value: -0.425882.
[I 2024-01-14 22:55:33,968] Trial 20 finished with value: -0.415211 and parameters: {'learning_rate': 7.518645741540566e-06, 'max_depth': 7, 'min_child_weight': 7, 'gamma': 0.00019394516194499967, 'lambda': 1.2104918346305915e-05, 'alpha': 1.9470592212389318e-07}. Best is trial 12 with value: -0.425882.
[I 2024-01-15 01:22:09,434] Trial 21 finished with value: -0.427769 and parameters: {'learning_rate': 0.00011419283470440144, 'max_depth': 8, 'min_child_weight': 10, 'gamma': 0.03822405561830034, 'lambda': 9.484748100563747e-07, 'alpha': 1.548778698625696e-08}. Best is trial 21 with value: -0.427769.
[I 2024-01-15 02:18:48,113] Trial 22 finished with value: -0.425686 and parameters: {'learning_rate': 0.00038861000471984144, 'max_depth': 8, 'min_child_weight': 9, 'gamma': 0.0016179282845061468, 'lambda': 1.836799244393793e-07, 'alpha': 1.0824374522764429e-08}. Best is trial 21 with value: -0.427769.
[I 2024-01-15 03:32:37,956] Trial 23 finished with value: -0.41589 and parameters: {'learning_rate': 5.516484110453004e-05, 'max_depth': 7, 'min_child_weight': 10, 'gamma': 0.05424242870390848, 'lambda': 6.44668640246387e-08, 'alpha': 5.5571446211958075e-08}. Best is trial 21 with value: -0.427769.
[I 2024-01-15 04:09:26,431] Trial 24 finished with value: -0.405912 and parameters: {'learning_rate': 0.0016657257015973378, 'max_depth': 6, 'min_child_weight': 9, 'gamma': 0.01799119931183562, 'lambda': 1.1031599838219429e-08, 'alpha': 6.912053367894522e-07}. Best is trial 21 with value: -0.427769.
[I 2024-01-15 05:34:26,184] Trial 25 finished with value: -0.426346 and parameters: {'learning_rate': 0.00012464513317572544, 'max_depth': 8, 'min_child_weight': 8, 'gamma': 0.004373265863300111, 'lambda': 4.0731281896635974e-07, 'alpha': 7.170939794030468e-08}. Best is trial 21 with value: -0.427769.
[I 2024-01-15 06:29:44,030] Trial 26 finished with value: -0.416203 and parameters: {'learning_rate': 3.305263288669404e-05, 'max_depth': 7, 'min_child_weight': 7, 'gamma': 0.14237972000404553, 'lambda': 2.8737153802134743e-07, 'alpha': 6.010834349668044e-08}. Best is trial 21 with value: -0.427769.
[I 2024-01-15 07:20:07,889] Trial 27 finished with value: -0.419201 and parameters: {'learning_rate': 1.2016693148710326e-05, 'max_depth': 8, 'min_child_weight': 8, 'gamma': 0.8030199412918576, 'lambda': 2.977323264388126e-06, 'alpha': 3.5439721915228136e-06}. Best is trial 21 with value: -0.427769.
[I 2024-01-15 08:50:49,825] Trial 28 finished with value: -0.388948 and parameters: {'learning_rate': 0.0002123088888369838, 'max_depth': 5, 'min_child_weight': 9, 'gamma': 0.0059690761969749375, 'lambda': 4.16203110015758e-07, 'alpha': 3.643338434691353e-07}. Best is trial 21 with value: -0.427769.
[I 2024-01-15 09:59:19,456] Trial 29 finished with value: -0.374816 and parameters: {'learning_rate': 5.3085406137297625e-05, 'max_depth': 4, 'min_child_weight': 8, 'gamma': 0.10892271907574974, 'lambda': 3.888616477137223e-05, 'alpha': 3.6114899293441307e-06}. Best is trial 21 with value: -0.427769.
[I 2024-01-15 11:38:58,307] Trial 30 finished with value: -0.406462 and parameters: {'learning_rate': 0.0007934300866932085, 'max_depth': 6, 'min_child_weight': 6, 'gamma': 0.02412840973686077, 'lambda': 8.4667995968326e-08, 'alpha': 2.9207340641712425e-05}. Best is trial 21 with value: -0.427769.
[I 2024-01-15 12:15:57,284] Trial 31 finished with value: -0.425248 and parameters: {'learning_rate': 9.473658259029351e-05, 'max_depth': 8, 'min_child_weight': 10, 'gamma': 0.003578055560059361, 'lambda': 4.3317664333929217e-08, 'alpha': 3.398985822481013e-08}. Best is trial 21 with value: -0.427769.
[I 2024-01-15 13:22:25,702] Trial 32 finished with value: -0.425808 and parameters: {'learning_rate': 2.4821009930740683e-05, 'max_depth': 8, 'min_child_weight': 10, 'gamma': 0.0005607569910519831, 'lambda': 5.670455389522299e-07, 'alpha': 1.0628155464460599e-07}. Best is trial 21 with value: -0.427769.
[I 2024-01-15 14:21:23,816] Trial 33 finished with value: -0.415731 and parameters: {'learning_rate': 0.00016922501741000818, 'max_depth': 7, 'min_child_weight': 9, 'gamma': 0.01769305135417276, 'lambda': 1.6027107653997993e-07, 'alpha': 3.1889756413207876e-08}. Best is trial 21 with value: -0.427769.
[I 2024-01-15 15:37:37,560] Trial 34 finished with value: -0.415793 and parameters: {'learning_rate': 0.00036411703547130624, 'max_depth': 7, 'min_child_weight': 10, 'gamma': 0.0036242249203981766, 'lambda': 3.195994154753692e-08, 'alpha': 3.480555307924752e-08}. Best is trial 21 with value: -0.427769.
[I 2024-01-15 16:18:17,320] Trial 35 finished with value: -0.424995 and parameters: {'learning_rate': 0.00012643058254848481, 'max_depth': 8, 'min_child_weight': 8, 'gamma': 0.1343207893522321, 'lambda': 9.27255915957269e-08, 'alpha': 9.705084806407431e-08}. Best is trial 21 with value: -0.427769.
[I 2024-01-15 17:03:29,241] Trial 36 finished with value: -0.3485 and parameters: {'learning_rate': 0.0005220411070810225, 'max_depth': 3, 'min_child_weight': 9, 'gamma': 0.000886667532762734, 'lambda': 7.060041943796251e-07, 'alpha': 1.0135520457636577e-08}. Best is trial 21 with value: -0.427769.
Number of finished trials:  37
Best trial:
  NDCG@5: 0.427769
  Params: 
    learning_rate: 0.00011419283470440144
    max_depth: 8
    min_child_weight: 10
    gamma: 0.03822405561830034
    lambda: 9.484748100563747e-07
    alpha: 1.548778698625696e-08
