[I 2024-01-10 17:34:00,779] A new study created in memory with name: no-name-5ecc112a-fb8e-4228-8018-9191479cb374
[I 2024-01-10 19:28:25,836] Trial 0 finished with value: -0.685012 and parameters: {'learning_rate': 0.002656969236598917, 'max_depth': 3, 'min_child_weight': 8, 'gamma': 0.3399255335607243, 'lambda': 0.0010014379464433306, 'alpha': 1.193996856898048e-07}. Best is trial 0 with value: -0.685012.
[I 2024-01-10 21:23:28,040] Trial 1 finished with value: -0.700918 and parameters: {'learning_rate': 0.001020855165002871, 'max_depth': 6, 'min_child_weight': 8, 'gamma': 3.908814024262907e-08, 'lambda': 0.00032297985523594184, 'alpha': 0.0038826684713345353}. Best is trial 1 with value: -0.700918.
[I 2024-01-10 21:36:38,130] Trial 2 finished with value: -0.429592 and parameters: {'learning_rate': 9.140613923721443e-08, 'max_depth': 8, 'min_child_weight': 9, 'gamma': 0.0004217825371565942, 'lambda': 4.92571668040837e-07, 'alpha': 0.0003116799539969624}. Best is trial 1 with value: -0.700918.
[I 2024-01-10 21:48:41,232] Trial 3 finished with value: -0.431226 and parameters: {'learning_rate': 0.00013258028307627415, 'max_depth': 5, 'min_child_weight': 10, 'gamma': 1.8114559356145875e-06, 'lambda': 0.20053816849440073, 'alpha': 2.9435452450373917e-08}. Best is trial 1 with value: -0.700918.
[I 2024-01-10 22:01:24,316] Trial 4 finished with value: -0.428501 and parameters: {'learning_rate': 3.1065775939252424e-06, 'max_depth': 5, 'min_child_weight': 4, 'gamma': 2.0070714133417507e-07, 'lambda': 0.16617792447529456, 'alpha': 0.013039513503753469}. Best is trial 1 with value: -0.700918.
[I 2024-01-10 22:13:23,981] Trial 5 finished with value: -0.431205 and parameters: {'learning_rate': 5.6131136693880574e-08, 'max_depth': 2, 'min_child_weight': 2, 'gamma': 0.05090328444770949, 'lambda': 7.449357956454637e-05, 'alpha': 1.961336842184639e-07}. Best is trial 1 with value: -0.700918.
[I 2024-01-10 22:29:59,147] Trial 6 finished with value: -0.42401 and parameters: {'learning_rate': 1.5726448306285107e-06, 'max_depth': 2, 'min_child_weight': 7, 'gamma': 7.051867324007178e-08, 'lambda': 1.7288356709194918e-06, 'alpha': 2.1692448125008754e-06}. Best is trial 1 with value: -0.700918.
[I 2024-01-10 23:34:36,457] Trial 7 finished with value: -0.66945 and parameters: {'learning_rate': 0.0005501729398791456, 'max_depth': 3, 'min_child_weight': 2, 'gamma': 0.014781750351778356, 'lambda': 0.04426185577157271, 'alpha': 0.0008866319595527929}. Best is trial 1 with value: -0.700918.
[I 2024-01-10 23:55:16,026] Trial 8 finished with value: -0.429086 and parameters: {'learning_rate': 3.370719493642958e-05, 'max_depth': 2, 'min_child_weight': 10, 'gamma': 0.0040643266705477745, 'lambda': 0.2721078577244492, 'alpha': 1.4238314864741272e-08}. Best is trial 1 with value: -0.700918.
[I 2024-01-11 00:08:29,244] Trial 9 finished with value: -0.430999 and parameters: {'learning_rate': 8.98281105283277e-06, 'max_depth': 4, 'min_child_weight': 7, 'gamma': 3.3194637838311374e-08, 'lambda': 0.07467178177847456, 'alpha': 0.0011434863799120799}. Best is trial 1 with value: -0.700918.
[I 2024-01-11 02:02:36,810] Trial 10 finished with value: -0.72327 and parameters: {'learning_rate': 0.009604647164910662, 'max_depth': 7, 'min_child_weight': 5, 'gamma': 2.7351454238039973e-05, 'lambda': 4.8688251988042105e-08, 'alpha': 0.9574125519502629}. Best is trial 10 with value: -0.72327.
[I 2024-01-11 03:56:52,859] Trial 11 finished with value: -0.722144 and parameters: {'learning_rate': 0.007003292280196445, 'max_depth': 7, 'min_child_weight': 5, 'gamma': 8.96621345773754e-06, 'lambda': 1.1992797864371576e-08, 'alpha': 0.3444245486807392}. Best is trial 10 with value: -0.72327.
[I 2024-01-11 05:51:21,908] Trial 12 finished with value: -0.726884 and parameters: {'learning_rate': 0.009263922959913308, 'max_depth': 8, 'min_child_weight': 5, 'gamma': 1.6750945030244022e-05, 'lambda': 1.157775933653528e-08, 'alpha': 0.9330610599186387}. Best is trial 12 with value: -0.726884.
Number of finished trials:  13
Best trial:
  NDCG@5: 0.726884
  Params: 
    learning_rate: 0.009263922959913308
    max_depth: 8
    min_child_weight: 5
    gamma: 1.6750945030244022e-05
    lambda: 1.157775933653528e-08
    alpha: 0.9330610599186387
