[I 2024-01-08 10:40:06,215] A new study created in memory with name: no-name-ff7819b3-e790-4e20-a44c-9e77f5ce0ae8
[I 2024-01-08 11:08:39,204] Trial 0 finished with value: -0.133471 and parameters: {'learning_rate': 4.878529382176438e-07, 'max_depth': 2, 'min_child_weight': 4, 'gamma': 0.00042642461090434193, 'lambda': 0.16655393888930345, 'alpha': 8.721315234676734e-06}. Best is trial 0 with value: -0.133471.
[I 2024-01-08 15:27:29,890] Trial 1 finished with value: -0.249276 and parameters: {'learning_rate': 1.0956830107412683e-06, 'max_depth': 6, 'min_child_weight': 5, 'gamma': 1.3541757661864039e-07, 'lambda': 0.00014382571128794213, 'alpha': 4.445770274334758e-06}. Best is trial 1 with value: -0.249276.
[I 2024-01-08 19:51:08,985] Trial 2 finished with value: -0.23951 and parameters: {'learning_rate': 7.574739867354941e-07, 'max_depth': 7, 'min_child_weight': 2, 'gamma': 0.001902579604659165, 'lambda': 0.039532171074604106, 'alpha': 1.8547112124444469e-06}. Best is trial 1 with value: -0.249276.
[I 2024-01-08 21:21:16,642] Trial 3 finished with value: -0.417837 and parameters: {'learning_rate': 0.00021754263582600866, 'max_depth': 8, 'min_child_weight': 6, 'gamma': 0.00010947605291740048, 'lambda': 8.151598895632944e-06, 'alpha': 0.08742415353186414}. Best is trial 3 with value: -0.417837.
[I 2024-01-08 23:14:29,462] Trial 4 finished with value: -0.397023 and parameters: {'learning_rate': 0.004833921294645768, 'max_depth': 6, 'min_child_weight': 5, 'gamma': 0.0007374211571369833, 'lambda': 0.00019733122126220577, 'alpha': 3.0461548430722845e-08}. Best is trial 3 with value: -0.417837.
Number of finished trials:  5
Best trial:
  NDCG@5: 0.417837
  Params: 
    learning_rate: 0.00021754263582600866
    max_depth: 8
    min_child_weight: 6
    gamma: 0.00010947605291740048
    lambda: 8.151598895632944e-06
    alpha: 0.08742415353186414
