[I 2024-01-10 17:34:00,839] A new study created in memory with name: no-name-1cf06e40-06d7-451d-b7c5-da22470a90b3
[I 2024-01-10 17:54:52,353] Trial 0 finished with value: -0.670627 and parameters: {'learning_rate': 0.0014156710602192598, 'max_depth': 1, 'min_child_weight': 8, 'gamma': 5.311597255780394e-05, 'lambda': 0.0008142413650112327, 'alpha': 0.7317716352793034}. Best is trial 0 with value: -0.670627.
[I 2024-01-10 19:47:06,096] Trial 1 finished with value: -0.686272 and parameters: {'learning_rate': 0.0011958282316139129, 'max_depth': 4, 'min_child_weight': 10, 'gamma': 0.00021352800457760015, 'lambda': 0.00017956654323139553, 'alpha': 1.9835441939304024e-06}. Best is trial 1 with value: -0.686272.
[I 2024-01-10 21:00:35,249] Trial 2 finished with value: -0.671476 and parameters: {'learning_rate': 0.007606262080600561, 'max_depth': 1, 'min_child_weight': 9, 'gamma': 6.634014236396656e-06, 'lambda': 2.2787950287062004e-06, 'alpha': 9.931241148036335e-08}. Best is trial 1 with value: -0.686272.
[I 2024-01-10 22:05:34,397] Trial 3 finished with value: -0.688571 and parameters: {'learning_rate': 0.0002324617809440799, 'max_depth': 5, 'min_child_weight': 4, 'gamma': 5.7618682744160954e-08, 'lambda': 0.0020392054062376014, 'alpha': 0.0006038013731948498}. Best is trial 3 with value: -0.688571.
[I 2024-01-10 22:18:28,443] Trial 4 finished with value: -0.427063 and parameters: {'learning_rate': 6.308136216044057e-08, 'max_depth': 5, 'min_child_weight': 10, 'gamma': 5.917297565741685e-06, 'lambda': 1.8944842359168202e-08, 'alpha': 0.04015972430439357}. Best is trial 3 with value: -0.688571.
[I 2024-01-10 23:42:59,144] Trial 5 finished with value: -0.684248 and parameters: {'learning_rate': 0.005380418705468196, 'max_depth': 1, 'min_child_weight': 7, 'gamma': 2.698711250525885e-05, 'lambda': 0.04912970323059042, 'alpha': 0.0010015199514149561}. Best is trial 3 with value: -0.688571.
[I 2024-01-10 23:57:40,305] Trial 6 finished with value: -0.426977 and parameters: {'learning_rate': 1.8276895535422766e-08, 'max_depth': 6, 'min_child_weight': 9, 'gamma': 0.004807920298345062, 'lambda': 0.2638461792902646, 'alpha': 5.876924850157203e-06}. Best is trial 3 with value: -0.688571.
[I 2024-01-11 00:10:37,644] Trial 7 finished with value: -0.428663 and parameters: {'learning_rate': 3.139382219873085e-08, 'max_depth': 4, 'min_child_weight': 5, 'gamma': 1.023494391777723e-06, 'lambda': 0.06859806278947363, 'alpha': 0.00016321603770454908}. Best is trial 3 with value: -0.688571.
[I 2024-01-11 02:02:31,182] Trial 8 finished with value: -0.712198 and parameters: {'learning_rate': 0.007226591880184637, 'max_depth': 5, 'min_child_weight': 10, 'gamma': 1.3525018796048663e-06, 'lambda': 0.0004719007130139274, 'alpha': 0.0050117333772400855}. Best is trial 8 with value: -0.712198.
[I 2024-01-11 02:19:55,397] Trial 9 finished with value: -0.430374 and parameters: {'learning_rate': 3.240722523248838e-07, 'max_depth': 1, 'min_child_weight': 9, 'gamma': 4.238436085535871e-08, 'lambda': 0.00080827888620174, 'alpha': 0.00023049004309177995}. Best is trial 8 with value: -0.712198.
[I 2024-01-11 04:12:41,264] Trial 10 finished with value: -0.692293 and parameters: {'learning_rate': 3.856541656038576e-05, 'max_depth': 8, 'min_child_weight': 2, 'gamma': 0.4335272724880918, 'lambda': 1.1665937512920595e-05, 'alpha': 0.011251880188191007}. Best is trial 8 with value: -0.712198.
[I 2024-01-11 04:25:42,231] Trial 11 finished with value: -0.425097 and parameters: {'learning_rate': 3.160309073137953e-05, 'max_depth': 8, 'min_child_weight': 2, 'gamma': 0.5994082402819432, 'lambda': 9.169505412135794e-06, 'alpha': 0.0235872543134385}. Best is trial 8 with value: -0.712198.
[I 2024-01-11 04:37:34,908] Trial 12 finished with value: -0.422451 and parameters: {'learning_rate': 7.135996958784717e-06, 'max_depth': 8, 'min_child_weight': 2, 'gamma': 0.8917517161885418, 'lambda': 9.288087639239282e-06, 'alpha': 0.00951970616872676}. Best is trial 8 with value: -0.712198.
[I 2024-01-11 06:30:12,237] Trial 13 finished with value: -0.691608 and parameters: {'learning_rate': 0.00016237098865297826, 'max_depth': 7, 'min_child_weight': 4, 'gamma': 0.0038378761267007597, 'lambda': 4.173576628197763e-05, 'alpha': 0.500528391270099}. Best is trial 8 with value: -0.712198.
Number of finished trials:  14
Best trial:
  NDCG@5: 0.712198
  Params: 
    learning_rate: 0.007226591880184637
    max_depth: 5
    min_child_weight: 10
    gamma: 1.3525018796048663e-06
    lambda: 0.0004719007130139274
    alpha: 0.0050117333772400855
