[I 2024-01-10 17:35:30,948] A new study created in memory with name: no-name-f803955d-e2a8-4d42-aa52-5ecd2f7adb92
[I 2024-01-10 18:40:58,698] Trial 0 finished with value: -0.672166 and parameters: {'learning_rate': 2.1388351249371013e-07, 'max_depth': 7, 'min_child_weight': 9, 'gamma': 0.5062304785144596, 'lambda': 0.006531999968561229, 'alpha': 0.13381568995038262}. Best is trial 0 with value: -0.672166.
[I 2024-01-10 19:17:28,432] Trial 1 finished with value: -0.56685 and parameters: {'learning_rate': 3.369784380287703e-08, 'max_depth': 6, 'min_child_weight': 9, 'gamma': 1.1444927138880006e-07, 'lambda': 1.3307137028593341e-08, 'alpha': 0.0030156543142905116}. Best is trial 0 with value: -0.672166.
[I 2024-01-10 19:56:18,876] Trial 2 finished with value: -0.674485 and parameters: {'learning_rate': 2.5389918473478025e-07, 'max_depth': 6, 'min_child_weight': 10, 'gamma': 2.2566385120264703e-05, 'lambda': 1.2643940615012488e-06, 'alpha': 1.4389773925671293e-05}. Best is trial 2 with value: -0.674485.
[I 2024-01-10 20:32:52,999] Trial 3 finished with value: -0.694622 and parameters: {'learning_rate': 1.0149096257416897e-06, 'max_depth': 6, 'min_child_weight': 5, 'gamma': 0.25428104624358694, 'lambda': 8.374528755272178e-06, 'alpha': 0.015562596675429488}. Best is trial 3 with value: -0.694622.
[I 2024-01-10 20:48:07,393] Trial 4 finished with value: -0.645876 and parameters: {'learning_rate': 7.335948214438949e-07, 'max_depth': 4, 'min_child_weight': 2, 'gamma': 0.004096570556686832, 'lambda': 2.713925478479372e-07, 'alpha': 0.7018515563700243}. Best is trial 3 with value: -0.694622.
[I 2024-01-10 21:07:21,790] Trial 5 finished with value: -0.705874 and parameters: {'learning_rate': 0.002101126083759214, 'max_depth': 7, 'min_child_weight': 9, 'gamma': 0.014579434402091347, 'lambda': 1.1179466122356007e-08, 'alpha': 9.989188552836112e-07}. Best is trial 5 with value: -0.705874.
[I 2024-01-10 21:19:09,259] Trial 6 finished with value: -0.631612 and parameters: {'learning_rate': 7.64720047144345e-05, 'max_depth': 3, 'min_child_weight': 3, 'gamma': 6.965359008048598e-08, 'lambda': 0.9496210620132537, 'alpha': 6.647346529005369e-05}. Best is trial 5 with value: -0.705874.
[I 2024-01-10 21:29:23,760] Trial 7 finished with value: -0.631531 and parameters: {'learning_rate': 0.00018662213001233082, 'max_depth': 3, 'min_child_weight': 3, 'gamma': 0.10912684204571016, 'lambda': 0.00032077724696416267, 'alpha': 3.8449668714572305e-07}. Best is trial 5 with value: -0.705874.
[I 2024-01-10 21:42:07,283] Trial 8 finished with value: -0.631531 and parameters: {'learning_rate': 2.9327891088617586e-06, 'max_depth': 3, 'min_child_weight': 4, 'gamma': 9.792212911825189e-08, 'lambda': 0.4623108631678983, 'alpha': 0.028430625126628015}. Best is trial 5 with value: -0.705874.
[I 2024-01-10 21:55:17,310] Trial 9 finished with value: -0.688711 and parameters: {'learning_rate': 4.885057215773496e-06, 'max_depth': 5, 'min_child_weight': 8, 'gamma': 0.4887586236564211, 'lambda': 3.274854470022509e-06, 'alpha': 0.40189104280488297}. Best is trial 5 with value: -0.705874.
[I 2024-01-10 22:03:05,225] Trial 10 finished with value: -0.557526 and parameters: {'learning_rate': 0.009253527041793603, 'max_depth': 1, 'min_child_weight': 7, 'gamma': 0.0013187314290546174, 'lambda': 1.3623471684152184e-08, 'alpha': 1.724544689497394e-08}. Best is trial 5 with value: -0.705874.
[I 2024-01-10 22:13:26,425] Trial 11 finished with value: -0.714031 and parameters: {'learning_rate': 0.009974957992995177, 'max_depth': 8, 'min_child_weight': 5, 'gamma': 0.017746259541436344, 'lambda': 1.543574981016049e-05, 'alpha': 0.0007618085631476337}. Best is trial 11 with value: -0.714031.
[I 2024-01-10 22:48:39,129] Trial 12 finished with value: -0.714906 and parameters: {'learning_rate': 0.007491022894180183, 'max_depth': 8, 'min_child_weight': 6, 'gamma': 0.006391109938148108, 'lambda': 4.9619632161049745e-05, 'alpha': 0.0011534592590336443}. Best is trial 12 with value: -0.714906.
[I 2024-01-10 23:04:17,424] Trial 13 finished with value: -0.713525 and parameters: {'learning_rate': 0.006055413859493226, 'max_depth': 8, 'min_child_weight': 6, 'gamma': 0.00030457024090437446, 'lambda': 0.00014345434573429902, 'alpha': 0.0007378217012045615}. Best is trial 12 with value: -0.714906.
[I 2024-01-10 23:19:30,861] Trial 14 finished with value: -0.715118 and parameters: {'learning_rate': 0.0009059504898370056, 'max_depth': 8, 'min_child_weight': 6, 'gamma': 0.022188058328154774, 'lambda': 2.577194757105657e-05, 'alpha': 0.001144207615004146}. Best is trial 14 with value: -0.715118.
[I 2024-01-10 23:58:01,886] Trial 15 finished with value: -0.715234 and parameters: {'learning_rate': 0.0006927748715097104, 'max_depth': 8, 'min_child_weight': 7, 'gamma': 7.874727587283427e-05, 'lambda': 0.0009311794206950908, 'alpha': 0.00022961410543177112}. Best is trial 15 with value: -0.715234.
[I 2024-01-11 00:34:23,641] Trial 16 finished with value: -0.707632 and parameters: {'learning_rate': 0.00047034095091939404, 'max_depth': 7, 'min_child_weight': 7, 'gamma': 3.2924558550448676e-05, 'lambda': 0.0019276806173838664, 'alpha': 4.8373045362210386e-05}. Best is trial 15 with value: -0.715234.
[I 2024-01-11 00:42:58,601] Trial 17 finished with value: -0.557526 and parameters: {'learning_rate': 3.9140217357468695e-05, 'max_depth': 1, 'min_child_weight': 7, 'gamma': 0.00013455475496706572, 'lambda': 0.0022181890919643543, 'alpha': 0.00016478792168130767}. Best is trial 15 with value: -0.715234.
[I 2024-01-11 01:02:21,546] Trial 18 finished with value: -0.691537 and parameters: {'learning_rate': 0.0010218750917354816, 'max_depth': 5, 'min_child_weight': 5, 'gamma': 4.659442051652084e-06, 'lambda': 0.017709329736996772, 'alpha': 0.008809091235076059}. Best is trial 15 with value: -0.715234.
[I 2024-01-11 01:23:56,228] Trial 19 finished with value: -0.713652 and parameters: {'learning_rate': 3.1261599838360004e-05, 'max_depth': 8, 'min_child_weight': 6, 'gamma': 0.0008130888916268905, 'lambda': 0.0004292213570993344, 'alpha': 0.07688349997455395}. Best is trial 15 with value: -0.715234.
[I 2024-01-11 01:43:33,782] Trial 20 finished with value: -0.708685 and parameters: {'learning_rate': 0.00033070838289405135, 'max_depth': 7, 'min_child_weight': 8, 'gamma': 2.151077769106198e-06, 'lambda': 4.4791088340531916e-05, 'alpha': 0.005851707158116772}. Best is trial 15 with value: -0.715234.
[I 2024-01-11 02:01:19,157] Trial 21 finished with value: -0.713191 and parameters: {'learning_rate': 0.001438769605957392, 'max_depth': 8, 'min_child_weight': 6, 'gamma': 0.0399632211557624, 'lambda': 3.276430797098646e-05, 'alpha': 0.001019345165076493}. Best is trial 15 with value: -0.715234.
[I 2024-01-11 02:19:27,075] Trial 22 finished with value: -0.715116 and parameters: {'learning_rate': 0.0025917799828305207, 'max_depth': 8, 'min_child_weight': 6, 'gamma': 0.002360224471906475, 'lambda': 0.00015923235037501138, 'alpha': 0.0014064644780833744}. Best is trial 15 with value: -0.715234.
[I 2024-01-11 02:38:16,834] Trial 23 finished with value: -0.708928 and parameters: {'learning_rate': 0.0008102454631311091, 'max_depth': 7, 'min_child_weight': 8, 'gamma': 0.0019266127444016472, 'lambda': 0.00026981777043360574, 'alpha': 0.0001419149359841549}. Best is trial 15 with value: -0.715234.
[I 2024-01-11 02:57:20,380] Trial 24 finished with value: -0.694944 and parameters: {'learning_rate': 0.00013207209821826385, 'max_depth': 6, 'min_child_weight': 4, 'gamma': 0.0005319277410533134, 'lambda': 0.0008135334180047278, 'alpha': 0.0028953958187144272}. Best is trial 15 with value: -0.715234.
[I 2024-01-11 03:20:07,440] Trial 25 finished with value: -0.714878 and parameters: {'learning_rate': 0.002186561971988446, 'max_depth': 8, 'min_child_weight': 7, 'gamma': 0.0034199046772644547, 'lambda': 0.00010072867689024474, 'alpha': 0.030781101711348884}. Best is trial 15 with value: -0.715234.
[I 2024-01-11 04:23:39,487] Trial 26 finished with value: -0.708408 and parameters: {'learning_rate': 0.0003191423171631275, 'max_depth': 7, 'min_child_weight': 5, 'gamma': 0.07030898286677226, 'lambda': 6.52786047141527e-06, 'alpha': 0.0002911118698529088}. Best is trial 15 with value: -0.715234.
[I 2024-01-11 04:35:29,895] Trial 27 finished with value: -0.713395 and parameters: {'learning_rate': 0.0027159538025776316, 'max_depth': 8, 'min_child_weight': 4, 'gamma': 0.00020804262027230612, 'lambda': 8.414622139419945e-05, 'alpha': 0.0036095147452954272}. Best is trial 15 with value: -0.715234.
[I 2024-01-11 04:51:10,910] Trial 28 finished with value: -0.693596 and parameters: {'learning_rate': 0.0006449892813733836, 'max_depth': 5, 'min_child_weight': 6, 'gamma': 0.015470850640381806, 'lambda': 0.014553585262925033, 'alpha': 1.806138902628043e-05}. Best is trial 15 with value: -0.715234.
[I 2024-01-11 05:12:28,946] Trial 29 finished with value: -0.707197 and parameters: {'learning_rate': 1.5758208544711956e-05, 'max_depth': 7, 'min_child_weight': 8, 'gamma': 0.6653298094028384, 'lambda': 0.001342851655171877, 'alpha': 0.0970663988219052}. Best is trial 15 with value: -0.715234.
[I 2024-01-11 05:32:37,438] Trial 30 finished with value: -0.670716 and parameters: {'learning_rate': 0.00010605405912792863, 'max_depth': 4, 'min_child_weight': 7, 'gamma': 0.001257603135072907, 'lambda': 2.7379578446169642e-05, 'alpha': 0.00031153796464698016}. Best is trial 15 with value: -0.715234.
[I 2024-01-11 05:58:30,985] Trial 31 finished with value: -0.714883 and parameters: {'learning_rate': 0.003096753292017818, 'max_depth': 8, 'min_child_weight': 6, 'gamma': 0.006285069830202382, 'lambda': 0.00012566766248233227, 'alpha': 0.0014311151255130522}. Best is trial 15 with value: -0.715234.
Number of finished trials:  32
Best trial:
  NDCG@5: 0.715234
  Params: 
    learning_rate: 0.0006927748715097104
    max_depth: 8
    min_child_weight: 7
    gamma: 7.874727587283427e-05
    lambda: 0.0009311794206950908
    alpha: 0.00022961410543177112
