[I 2024-01-07 11:16:06,051] A new study created in memory with name: no-name-3cc8d8c4-6e8b-4723-a847-a3ec1f88b63a
[I 2024-01-07 11:21:46,897] Trial 0 finished with value: -0.411796 and parameters: {'learning_rate': 8.99814765415499e-06, 'max_depth': 2, 'min_child_weight': 5, 'gamma': 5.718291703951717e-05, 'lambda': 3.592186169525004e-08, 'alpha': 5.7764598999774015e-06}. Best is trial 0 with value: -0.411796.
[I 2024-01-07 11:27:17,352] Trial 1 finished with value: -0.411796 and parameters: {'learning_rate': 0.0023099233601218423, 'max_depth': 3, 'min_child_weight': 2, 'gamma': 4.932503376300954e-05, 'lambda': 0.0248123130118597, 'alpha': 1.0849680304080594e-07}. Best is trial 0 with value: -0.411796.
[I 2024-01-07 11:32:48,275] Trial 2 finished with value: -0.411796 and parameters: {'learning_rate': 0.003663327452205667, 'max_depth': 2, 'min_child_weight': 6, 'gamma': 0.00021878939914072632, 'lambda': 0.003399144015837541, 'alpha': 2.5774405308856535e-08}. Best is trial 0 with value: -0.411796.
[I 2024-01-07 11:38:19,064] Trial 3 finished with value: -0.411796 and parameters: {'learning_rate': 6.297916967508822e-06, 'max_depth': 2, 'min_child_weight': 2, 'gamma': 6.534941727753142e-06, 'lambda': 3.30636413167681e-08, 'alpha': 0.0003924235881816454}. Best is trial 0 with value: -0.411796.
[I 2024-01-07 11:43:49,721] Trial 4 finished with value: -0.411796 and parameters: {'learning_rate': 0.00041751303299922255, 'max_depth': 6, 'min_child_weight': 4, 'gamma': 0.00024208957539091367, 'lambda': 4.279627248169681e-05, 'alpha': 4.9408122552787266e-05}. Best is trial 0 with value: -0.411796.
[I 2024-01-07 11:49:20,261] Trial 5 finished with value: -0.411796 and parameters: {'learning_rate': 0.002961024832191179, 'max_depth': 1, 'min_child_weight': 5, 'gamma': 3.523944214993991e-07, 'lambda': 5.186589508928162e-07, 'alpha': 2.0451533274823885e-07}. Best is trial 0 with value: -0.411796.
[I 2024-01-07 11:54:51,529] Trial 6 finished with value: -0.411796 and parameters: {'learning_rate': 0.0017367713667822155, 'max_depth': 1, 'min_child_weight': 7, 'gamma': 3.0358857282605374e-05, 'lambda': 6.09915038010918e-05, 'alpha': 0.0006089588263216302}. Best is trial 0 with value: -0.411796.
[I 2024-01-07 12:00:22,508] Trial 7 finished with value: -0.411796 and parameters: {'learning_rate': 2.7515024822817585e-05, 'max_depth': 7, 'min_child_weight': 7, 'gamma': 0.005734240160711961, 'lambda': 0.07263755591352844, 'alpha': 0.028114076764427967}. Best is trial 0 with value: -0.411796.
[I 2024-01-07 12:05:53,306] Trial 8 finished with value: -0.411796 and parameters: {'learning_rate': 5.346820874177712e-07, 'max_depth': 5, 'min_child_weight': 10, 'gamma': 0.029581239051482102, 'lambda': 4.479396884619712e-08, 'alpha': 0.25407832272478353}. Best is trial 0 with value: -0.411796.
[I 2024-01-07 12:11:23,486] Trial 9 finished with value: -0.411796 and parameters: {'learning_rate': 1.534387132314042e-07, 'max_depth': 2, 'min_child_weight': 7, 'gamma': 0.0002467138550442761, 'lambda': 0.006713977101676822, 'alpha': 1.86751829297743e-06}. Best is trial 0 with value: -0.411796.
slurmstepd: error: *** JOB 799960 ON ilps-cn002 CANCELLED AT 2024-01-07T12:14:48 ***
