[I 2024-01-14 00:48:33,314] A new study created in memory with name: no-name-270ab0b6-6ccb-403f-832c-45c5ac9006b2
[I 2024-01-14 01:14:44,062] Trial 0 finished with value: -0.280416 and parameters: {'learning_rate': 5.501805327398578e-07, 'max_depth': 2, 'min_child_weight': 10, 'gamma': 0.0006587894674663526, 'lambda': 1.7560548199520542e-08, 'alpha': 0.001500861865452437}. Best is trial 0 with value: -0.280416.
[I 2024-01-14 01:50:46,420] Trial 1 finished with value: -0.391015 and parameters: {'learning_rate': 9.67320765629598e-05, 'max_depth': 5, 'min_child_weight': 3, 'gamma': 5.208561055187772e-05, 'lambda': 0.0017672192467487592, 'alpha': 3.0298588442206197e-06}. Best is trial 1 with value: -0.391015.
[I 2024-01-14 02:29:11,085] Trial 2 finished with value: -0.343149 and parameters: {'learning_rate': 4.719824967612133e-06, 'max_depth': 3, 'min_child_weight': 10, 'gamma': 4.331046552723714e-08, 'lambda': 0.0004721477349496793, 'alpha': 1.0546560987623216e-07}. Best is trial 1 with value: -0.391015.
[I 2024-01-14 03:11:35,832] Trial 3 finished with value: -0.413135 and parameters: {'learning_rate': 1.209656429736888e-05, 'max_depth': 7, 'min_child_weight': 6, 'gamma': 1.1212196338344402e-05, 'lambda': 5.267006936687309e-08, 'alpha': 0.004461787410352635}. Best is trial 3 with value: -0.413135.
[I 2024-01-14 03:39:00,533] Trial 4 finished with value: -0.404696 and parameters: {'learning_rate': 0.0015536949751934538, 'max_depth': 6, 'min_child_weight': 3, 'gamma': 0.008624270650136314, 'lambda': 0.4484119381852269, 'alpha': 8.674257184777065e-08}. Best is trial 3 with value: -0.413135.
[I 2024-01-14 05:38:40,138] Trial 5 finished with value: -0.404933 and parameters: {'learning_rate': 1.1727844053921215e-06, 'max_depth': 8, 'min_child_weight': 10, 'gamma': 0.00011652217095452149, 'lambda': 4.4174246562334183e-08, 'alpha': 4.1048145270168305e-06}. Best is trial 3 with value: -0.413135.
[I 2024-01-14 07:08:04,263] Trial 6 finished with value: -0.37105 and parameters: {'learning_rate': 4.5036237128306725e-06, 'max_depth': 4, 'min_child_weight': 6, 'gamma': 4.623868436885128e-07, 'lambda': 2.6259457452894425e-06, 'alpha': 0.11556725242517576}. Best is trial 3 with value: -0.413135.
[I 2024-01-14 08:30:54,463] Trial 7 finished with value: -0.29853 and parameters: {'learning_rate': 8.118210351428254e-07, 'max_depth': 4, 'min_child_weight': 3, 'gamma': 0.7394121124857732, 'lambda': 3.810064471964467e-05, 'alpha': 8.965672367821758e-07}. Best is trial 3 with value: -0.413135.
[I 2024-01-14 09:06:47,787] Trial 8 finished with value: -0.300649 and parameters: {'learning_rate': 0.00010768533871863018, 'max_depth': 2, 'min_child_weight': 7, 'gamma': 0.3062257390689075, 'lambda': 0.01630006885621571, 'alpha': 5.613432585158499e-07}. Best is trial 3 with value: -0.413135.
[I 2024-01-14 11:39:19,712] Trial 9 finished with value: -0.372327 and parameters: {'learning_rate': 1.0630786358590101e-06, 'max_depth': 6, 'min_child_weight': 6, 'gamma': 0.45756718292156046, 'lambda': 3.6348189003868774e-05, 'alpha': 0.00034356539439734843}. Best is trial 3 with value: -0.413135.
[I 2024-01-14 13:47:15,091] Trial 10 finished with value: -0.141307 and parameters: {'learning_rate': 5.4450007716749804e-08, 'max_depth': 8, 'min_child_weight': 8, 'gamma': 3.7045612000606433e-06, 'lambda': 1.24256577341024e-06, 'alpha': 0.1511248916322848}. Best is trial 3 with value: -0.413135.
[I 2024-01-14 14:13:18,587] Trial 11 finished with value: -0.132974 and parameters: {'learning_rate': 1.9192337574067877e-08, 'max_depth': 8, 'min_child_weight': 5, 'gamma': 2.6074849644982434e-05, 'lambda': 2.534051638799809e-08, 'alpha': 2.0202204793521304e-05}. Best is trial 3 with value: -0.413135.
[I 2024-01-14 15:06:59,253] Trial 12 finished with value: -0.416385 and parameters: {'learning_rate': 4.0883447608518225e-05, 'max_depth': 7, 'min_child_weight': 8, 'gamma': 0.0005240998790880333, 'lambda': 1.1720225849256077e-07, 'alpha': 0.0024376267583191423}. Best is trial 12 with value: -0.416385.
[I 2024-01-14 16:43:12,237] Trial 13 finished with value: -0.404098 and parameters: {'learning_rate': 8.409410627733624e-05, 'max_depth': 6, 'min_child_weight': 8, 'gamma': 0.0015808091099672903, 'lambda': 5.198846280673181e-07, 'alpha': 0.00647347182879094}. Best is trial 12 with value: -0.416385.
[I 2024-01-14 17:37:01,424] Trial 14 finished with value: -0.415309 and parameters: {'learning_rate': 2.551286334118509e-05, 'max_depth': 7, 'min_child_weight': 5, 'gamma': 2.2925602707994466e-06, 'lambda': 2.6135733531383733e-07, 'alpha': 0.00011070561799987329}. Best is trial 12 with value: -0.416385.
[I 2024-01-14 20:11:57,425] Trial 15 finished with value: -0.416173 and parameters: {'learning_rate': 0.004233347885102344, 'max_depth': 7, 'min_child_weight': 4, 'gamma': 5.60697765130841e-07, 'lambda': 3.186651415360684e-07, 'alpha': 0.00010712274640785445}. Best is trial 12 with value: -0.416385.
[I 2024-01-14 21:10:29,337] Trial 16 finished with value: -0.389683 and parameters: {'learning_rate': 0.0007773281269965891, 'max_depth': 5, 'min_child_weight': 2, 'gamma': 1.2423934808874475e-08, 'lambda': 1.0140613386230681e-05, 'alpha': 1.0934993735456243e-08}. Best is trial 12 with value: -0.416385.
[I 2024-01-14 22:22:58,456] Trial 17 finished with value: -0.413473 and parameters: {'learning_rate': 0.008408975375786795, 'max_depth': 7, 'min_child_weight': 8, 'gamma': 3.1964933627197975e-07, 'lambda': 6.525524114745521e-06, 'alpha': 2.9482131899338846e-05}. Best is trial 12 with value: -0.416385.
[I 2024-01-14 22:48:53,956] Trial 18 finished with value: -0.280079 and parameters: {'learning_rate': 0.0005473066019468036, 'max_depth': 1, 'min_child_weight': 4, 'gamma': 0.00013809061636430565, 'lambda': 2.6051923762440335e-07, 'alpha': 0.8327460182104455}. Best is trial 12 with value: -0.416385.
[I 2024-01-15 01:05:05,120] Trial 19 finished with value: -0.41581 and parameters: {'learning_rate': 0.009580273590373367, 'max_depth': 7, 'min_child_weight': 9, 'gamma': 2.8945427362822605e-07, 'lambda': 1.2868676418725012e-07, 'alpha': 0.0006940834275583182}. Best is trial 12 with value: -0.416385.
[I 2024-01-15 01:39:58,524] Trial 20 finished with value: -0.401336 and parameters: {'learning_rate': 0.0019961733456206098, 'max_depth': 6, 'min_child_weight': 7, 'gamma': 5.791790016671307e-06, 'lambda': 8.916583697885958e-07, 'alpha': 0.00011995585790216727}. Best is trial 12 with value: -0.416385.
[I 2024-01-15 02:51:12,370] Trial 21 finished with value: -0.412254 and parameters: {'learning_rate': 0.009074436855592456, 'max_depth': 7, 'min_child_weight': 9, 'gamma': 3.5789090271722946e-07, 'lambda': 1.0990365597468927e-08, 'alpha': 0.0005262286648898594}. Best is trial 12 with value: -0.416385.
[I 2024-01-15 03:43:45,619] Trial 22 finished with value: -0.423629 and parameters: {'learning_rate': 0.004419197914655574, 'max_depth': 8, 'min_child_weight': 9, 'gamma': 8.341403783017463e-08, 'lambda': 1.6082846326270547e-07, 'alpha': 0.0026358230152768542}. Best is trial 22 with value: -0.423629.
[I 2024-01-15 05:12:40,311] Trial 23 finished with value: -0.426223 and parameters: {'learning_rate': 0.002512321068366129, 'max_depth': 8, 'min_child_weight': 9, 'gamma': 4.236491949594419e-08, 'lambda': 1.2633291893278475e-07, 'alpha': 0.006829402362519483}. Best is trial 23 with value: -0.426223.
[I 2024-01-15 06:34:01,267] Trial 24 finished with value: -0.424025 and parameters: {'learning_rate': 0.00032497132068634447, 'max_depth': 8, 'min_child_weight': 9, 'gamma': 1.3587386946968593e-08, 'lambda': 7.668717080641085e-08, 'alpha': 0.008447380770217314}. Best is trial 23 with value: -0.426223.
[I 2024-01-15 08:22:53,966] Trial 25 finished with value: -0.426396 and parameters: {'learning_rate': 0.0005081634128928728, 'max_depth': 8, 'min_child_weight': 9, 'gamma': 1.292357170724463e-08, 'lambda': 1.479816051102331e-06, 'alpha': 0.011703373720216473}. Best is trial 25 with value: -0.426396.
[I 2024-01-15 08:59:10,716] Trial 26 finished with value: -0.423617 and parameters: {'learning_rate': 0.0003045422855055746, 'max_depth': 8, 'min_child_weight': 9, 'gamma': 1.0248231737315402e-08, 'lambda': 1.7888983450799395e-06, 'alpha': 0.01856872365916711}. Best is trial 25 with value: -0.426396.
[I 2024-01-15 10:55:35,010] Trial 27 finished with value: -0.42491 and parameters: {'learning_rate': 0.0002718093616198525, 'max_depth': 8, 'min_child_weight': 7, 'gamma': 4.2340275300019704e-08, 'lambda': 1.0686653628729709e-08, 'alpha': 0.023504343412185096}. Best is trial 25 with value: -0.426396.
[I 2024-01-15 12:57:00,988] Trial 28 finished with value: -0.424485 and parameters: {'learning_rate': 0.0014334121137485045, 'max_depth': 8, 'min_child_weight': 7, 'gamma': 5.510112058415972e-08, 'lambda': 1.722106909997527e-08, 'alpha': 0.02762075060160088}. Best is trial 25 with value: -0.426396.
[I 2024-01-15 13:58:00,621] Trial 29 finished with value: -0.391728 and parameters: {'learning_rate': 0.00022951328768549878, 'max_depth': 5, 'min_child_weight': 10, 'gamma': 1.4074779833575046e-06, 'lambda': 1.1433464166867351e-08, 'alpha': 0.0012359511629162704}. Best is trial 25 with value: -0.426396.
[I 2024-01-15 15:43:54,157] Trial 30 finished with value: -0.403934 and parameters: {'learning_rate': 0.0007628012385776813, 'max_depth': 6, 'min_child_weight': 7, 'gamma': 7.406340074726659e-08, 'lambda': 5.018687504622863e-08, 'alpha': 0.03296182473851235}. Best is trial 25 with value: -0.426396.
[I 2024-01-15 16:45:12,897] Trial 31 finished with value: -0.424656 and parameters: {'learning_rate': 0.0016821497725465415, 'max_depth': 8, 'min_child_weight': 7, 'gamma': 3.881575841642936e-08, 'lambda': 1.0347642087587385e-08, 'alpha': 0.04723309645423828}. Best is trial 25 with value: -0.426396.
[I 2024-01-15 17:42:21,691] Trial 32 finished with value: -0.424605 and parameters: {'learning_rate': 0.0022528413766600796, 'max_depth': 8, 'min_child_weight': 8, 'gamma': 3.3208494492604465e-08, 'lambda': 3.5184094977531524e-08, 'alpha': 0.06852239447039077}. Best is trial 25 with value: -0.426396.
Number of finished trials:  33
Best trial:
  NDCG@5: 0.426396
  Params: 
    learning_rate: 0.0005081634128928728
    max_depth: 8
    min_child_weight: 9
    gamma: 1.292357170724463e-08
    lambda: 1.479816051102331e-06
    alpha: 0.011703373720216473
