[I 2024-01-08 10:41:14,935] A new study created in memory with name: no-name-ce0619c7-d411-4f93-8ce4-31280b69e65a
[I 2024-01-08 11:41:32,762] Trial 0 finished with value: -0.414919 and parameters: {'learning_rate': 7.426369307759047e-05, 'max_depth': 8, 'min_child_weight': 7, 'gamma': 4.7025218898692764e-06, 'lambda': 0.011184702267805801, 'alpha': 0.0025602823179116502}. Best is trial 0 with value: -0.414919.
[I 2024-01-08 14:51:04,359] Trial 1 finished with value: -0.356876 and parameters: {'learning_rate': 0.0006571658805233259, 'max_depth': 3, 'min_child_weight': 4, 'gamma': 0.0017208969478259548, 'lambda': 6.791192002334034e-05, 'alpha': 1.8935977196135948e-07}. Best is trial 0 with value: -0.414919.
[I 2024-01-08 16:41:16,073] Trial 2 finished with value: -0.357491 and parameters: {'learning_rate': 0.0017154155712388872, 'max_depth': 3, 'min_child_weight': 6, 'gamma': 0.026726653411792745, 'lambda': 1.6675828189367995e-05, 'alpha': 4.658991177884626e-07}. Best is trial 0 with value: -0.414919.
[I 2024-01-08 20:14:27,577] Trial 3 finished with value: -0.359494 and parameters: {'learning_rate': 0.0004255647471165038, 'max_depth': 3, 'min_child_weight': 4, 'gamma': 0.030040862644461208, 'lambda': 1.4071130754013151e-05, 'alpha': 8.931381169485546e-05}. Best is trial 0 with value: -0.414919.
[I 2024-01-08 20:42:28,909] Trial 4 finished with value: -0.132974 and parameters: {'learning_rate': 1.0067866591768114e-08, 'max_depth': 4, 'min_child_weight': 5, 'gamma': 1.302531670739295e-05, 'lambda': 8.56151032198446e-06, 'alpha': 0.0003258842482832731}. Best is trial 0 with value: -0.414919.
[I 2024-01-08 23:53:05,150] Trial 5 finished with value: -0.395347 and parameters: {'learning_rate': 1.6758915329422583e-05, 'max_depth': 6, 'min_child_weight': 4, 'gamma': 0.0002516836126130745, 'lambda': 0.042292247790891226, 'alpha': 0.0001180665630341344}. Best is trial 0 with value: -0.414919.
Number of finished trials:  6
Best trial:
  NDCG@5: 0.414919
  Params: 
    learning_rate: 7.426369307759047e-05
    max_depth: 8
    min_child_weight: 7
    gamma: 4.7025218898692764e-06
    lambda: 0.011184702267805801
    alpha: 0.0025602823179116502
