[I 2024-01-08 01:00:09,307] A new study created in memory with name: no-name-0e85ae33-0480-4b18-a13f-60b945a77638
[I 2024-01-08 01:34:46,176] Trial 0 finished with value: -0.154875 and parameters: {'learning_rate': 1.784516946025242e-05, 'max_depth': 1, 'min_child_weight': 10, 'gamma': 5.550531729827547e-07, 'lambda': 8.874299657363397e-07, 'alpha': 1.230443588776771e-06}. Best is trial 0 with value: -0.154875.
[I 2024-01-08 02:45:05,908] Trial 1 finished with value: -0.135338 and parameters: {'learning_rate': 6.701834956981592e-08, 'max_depth': 3, 'min_child_weight': 10, 'gamma': 2.4927280439721135e-05, 'lambda': 0.7294252200527209, 'alpha': 0.20341253678580482}. Best is trial 0 with value: -0.154875.
[I 2024-01-08 03:19:22,897] Trial 2 finished with value: -0.136199 and parameters: {'learning_rate': 0.00019623238944698992, 'max_depth': 6, 'min_child_weight': 9, 'gamma': 5.756324530874852e-08, 'lambda': 0.0012773885154024863, 'alpha': 4.2848941073553866e-08}. Best is trial 0 with value: -0.154875.
[I 2024-01-08 04:05:18,779] Trial 3 finished with value: -0.140271 and parameters: {'learning_rate': 7.900707032906768e-08, 'max_depth': 6, 'min_child_weight': 3, 'gamma': 0.014153774882511473, 'lambda': 0.17388994408503378, 'alpha': 0.00015474063885280434}. Best is trial 0 with value: -0.154875.
[I 2024-01-08 04:47:41,258] Trial 4 finished with value: -0.133205 and parameters: {'learning_rate': 0.0006163019716746831, 'max_depth': 4, 'min_child_weight': 5, 'gamma': 4.179309694412073e-06, 'lambda': 0.007211277852337106, 'alpha': 1.169939219164428e-05}. Best is trial 0 with value: -0.154875.
[I 2024-01-08 06:05:56,567] Trial 5 finished with value: -0.14959 and parameters: {'learning_rate': 2.808939299160052e-06, 'max_depth': 2, 'min_child_weight': 3, 'gamma': 0.0012830065060208617, 'lambda': 0.6357356073674617, 'alpha': 7.329000396278635e-08}. Best is trial 0 with value: -0.154875.
[I 2024-01-08 06:39:58,132] Trial 6 finished with value: -0.132974 and parameters: {'learning_rate': 0.0010927632428010799, 'max_depth': 7, 'min_child_weight': 8, 'gamma': 0.00013757569117020383, 'lambda': 1.959660391477637e-08, 'alpha': 2.981121334779741e-05}. Best is trial 0 with value: -0.154875.
[I 2024-01-08 07:28:47,224] Trial 7 finished with value: -0.154239 and parameters: {'learning_rate': 1.551710082359421e-08, 'max_depth': 3, 'min_child_weight': 8, 'gamma': 0.010367845862656834, 'lambda': 6.045061704383319e-06, 'alpha': 1.2639260283039044e-08}. Best is trial 0 with value: -0.154875.
[I 2024-01-08 08:04:31,456] Trial 8 finished with value: -0.13424 and parameters: {'learning_rate': 1.0555331949607605e-08, 'max_depth': 3, 'min_child_weight': 9, 'gamma': 5.702086008130169e-07, 'lambda': 4.3729876048202245e-07, 'alpha': 0.0022838757409333987}. Best is trial 0 with value: -0.154875.
[I 2024-01-08 08:38:38,771] Trial 9 finished with value: -0.133326 and parameters: {'learning_rate': 7.82846502267182e-06, 'max_depth': 7, 'min_child_weight': 5, 'gamma': 3.944466378237093e-07, 'lambda': 1.9920461492469392e-07, 'alpha': 0.057892273170687965}. Best is trial 0 with value: -0.154875.
[I 2024-01-08 09:48:35,885] Trial 10 finished with value: -0.146585 and parameters: {'learning_rate': 0.006780491221822419, 'max_depth': 1, 'min_child_weight': 6, 'gamma': 2.5500145925476397e-08, 'lambda': 2.819417221984906e-05, 'alpha': 2.1785598157297416e-06}. Best is trial 0 with value: -0.154875.
[I 2024-01-08 10:22:40,577] Trial 11 finished with value: -0.132974 and parameters: {'learning_rate': 1.6065429203915935e-06, 'max_depth': 1, 'min_child_weight': 7, 'gamma': 0.5571815368609033, 'lambda': 6.452780368365192e-06, 'alpha': 2.533355557659035e-08}. Best is trial 0 with value: -0.154875.
[I 2024-01-08 10:56:41,814] Trial 12 finished with value: -0.132974 and parameters: {'learning_rate': 3.351264222435746e-05, 'max_depth': 2, 'min_child_weight': 10, 'gamma': 0.0011666026884234024, 'lambda': 5.041409341940242e-06, 'alpha': 3.9963619230702483e-07}. Best is trial 0 with value: -0.154875.
[I 2024-01-08 11:53:41,293] Trial 13 finished with value: -0.137862 and parameters: {'learning_rate': 6.027300685814843e-07, 'max_depth': 4, 'min_child_weight': 8, 'gamma': 1.0259594644806305e-08, 'lambda': 0.00035642148730911883, 'alpha': 1.086388200526254e-08}. Best is trial 0 with value: -0.154875.
[I 2024-01-08 12:50:39,320] Trial 14 finished with value: -0.139522 and parameters: {'learning_rate': 4.0634286821486935e-05, 'max_depth': 2, 'min_child_weight': 8, 'gamma': 9.568603841688173e-06, 'lambda': 4.574984002659573e-05, 'alpha': 7.888981642976715e-07}. Best is trial 0 with value: -0.154875.
[I 2024-01-08 13:43:33,254] Trial 15 finished with value: -0.133973 and parameters: {'learning_rate': 4.4862850139772033e-07, 'max_depth': 5, 'min_child_weight': 10, 'gamma': 0.09288856966677528, 'lambda': 8.883806304778878e-07, 'alpha': 3.183398185147204e-07}. Best is trial 0 with value: -0.154875.
Number of finished trials:  16
Best trial:
  NDCG@5: 0.154875
  Params: 
    learning_rate: 1.784516946025242e-05
    max_depth: 1
    min_child_weight: 10
    gamma: 5.550531729827547e-07
    lambda: 8.874299657363397e-07
    alpha: 1.230443588776771e-06
